[paired-ab] --config has no "build" step; assuming arm commands are already built.

[paired-ab] off vs on — 20 pairs, A/B/B/A protocol
RESULT arm=class_aware_dirty_off
RESULT elapsed_ns=46651000
RESULT window_ns=41342400
RESULT owner_allocs=800
RESULT segments_reserved_total=179
.RESULT arm=class_aware_dirty_on
RESULT elapsed_ns=48626700
RESULT window_ns=43205900
RESULT owner_allocs=800
RESULT segments_reserved_total=178
.RESULT arm=class_aware_dirty_on
RESULT elapsed_ns=47927100
RESULT window_ns=42257200
RESULT owner_allocs=800
RESULT segments_reserved_total=179
.RESULT arm=class_aware_dirty_off
RESULT elapsed_ns=49952900
RESULT window_ns=43164500
RESULT owner_allocs=800
RESULT segments_reserved_total=178
.RESULT arm=class_aware_dirty_off
RESULT elapsed_ns=48498800
RESULT window_ns=43375200
RESULT owner_allocs=800
RESULT segments_reserved_total=178
.RESULT arm=class_aware_dirty_on
RESULT elapsed_ns=49497300
RESULT window_ns=43579000
RESULT owner_allocs=800
RESULT segments_reserved_total=179
.RESULT arm=class_aware_dirty_on
RESULT elapsed_ns=48969900
RESULT window_ns=43827700
RESULT owner_allocs=800
RESULT segments_reserved_total=177
.RESULT arm=class_aware_dirty_off
RESULT elapsed_ns=47672500
RESULT window_ns=41517100
RESULT owner_allocs=800
RESULT segments_reserved_total=179
.RESULT arm=class_aware_dirty_off
RESULT elapsed_ns=47684400
RESULT window_ns=42547500
RESULT owner_allocs=800
RESULT segments_reserved_total=178
.RESULT arm=class_aware_dirty_on
RESULT elapsed_ns=49448800
RESULT window_ns=43904000
RESULT owner_allocs=800
RESULT segments_reserved_total=179
.RESULT arm=class_aware_dirty_on
RESULT elapsed_ns=49719700
RESULT window_ns=44307600
RESULT owner_allocs=800
RESULT segments_reserved_total=178
.RESULT arm=class_aware_dirty_off
RESULT elapsed_ns=47553700
RESULT window_ns=42515900
RESULT owner_allocs=800
RESULT segments_reserved_total=180
.RESULT arm=class_aware_dirty_off
RESULT elapsed_ns=47551800
RESULT window_ns=41692700
RESULT owner_allocs=800
RESULT segments_reserved_total=178
.RESULT arm=class_aware_dirty_on
RESULT elapsed_ns=50043000
RESULT window_ns=44220900
RESULT owner_allocs=800
RESULT segments_reserved_total=178
.RESULT arm=class_aware_dirty_on
RESULT elapsed_ns=386985400
RESULT window_ns=381183700
RESULT owner_allocs=73728
RESULT segments_reserved_total=754
.RESULT arm=class_aware_dirty_off
RESULT elapsed_ns=404728000
RESULT window_ns=398769500
RESULT owner_allocs=420352
RESULT segments_reserved_total=474
.RESULT arm=class_aware_dirty_off
RESULT elapsed_ns=182450800
RESULT window_ns=176755400
RESULT owner_allocs=16384
RESULT segments_reserved_total=309
.RESULT arm=class_aware_dirty_on
RESULT elapsed_ns=139956800
RESULT window_ns=133526700
RESULT owner_allocs=10005
RESULT segments_reserved_total=255
.RESULT arm=class_aware_dirty_on
RESULT elapsed_ns=193120900
RESULT window_ns=186858700
RESULT owner_allocs=48640
RESULT segments_reserved_total=413
.RESULT arm=class_aware_dirty_off
RESULT elapsed_ns=149404500
RESULT window_ns=143281600
RESULT owner_allocs=8404
RESULT segments_reserved_total=241
.RESULT arm=class_aware_dirty_off
RESULT elapsed_ns=266590000
RESULT window_ns=260949800
RESULT owner_allocs=56320
RESULT segments_reserved_total=614
.RESULT arm=class_aware_dirty_on
RESULT elapsed_ns=92095800
RESULT window_ns=86322700
RESULT owner_allocs=1169
RESULT segments_reserved_total=185
.RESULT arm=class_aware_dirty_on
RESULT elapsed_ns=288962700
RESULT window_ns=282906800
RESULT owner_allocs=46592
RESULT segments_reserved_total=538
.RESULT arm=class_aware_dirty_off
RESULT elapsed_ns=124405900
RESULT window_ns=118566900
RESULT owner_allocs=63999
RESULT segments_reserved_total=184
.RESULT arm=class_aware_dirty_off
RESULT elapsed_ns=115513900
RESULT window_ns=109633200
RESULT owner_allocs=34450
RESULT segments_reserved_total=221
.RESULT arm=class_aware_dirty_on
RESULT elapsed_ns=143076000
RESULT window_ns=137386100
RESULT owner_allocs=16124
RESULT segments_reserved_total=304
.RESULT arm=class_aware_dirty_on
RESULT elapsed_ns=182816700
RESULT window_ns=176891500
RESULT owner_allocs=21504
RESULT segments_reserved_total=343
.RESULT arm=class_aware_dirty_off
RESULT elapsed_ns=90638000
RESULT window_ns=83858100
RESULT owner_allocs=3584
RESULT segments_reserved_total=202
.RESULT arm=class_aware_dirty_off
RESULT elapsed_ns=81583800
RESULT window_ns=75364300
RESULT owner_allocs=4301
RESULT segments_reserved_total=218
.RESULT arm=class_aware_dirty_on
RESULT elapsed_ns=123301600
RESULT window_ns=117022000
RESULT owner_allocs=13824
RESULT segments_reserved_total=283
.RESULT arm=class_aware_dirty_on
RESULT elapsed_ns=83047200
RESULT window_ns=77597600
RESULT owner_allocs=800
RESULT segments_reserved_total=182
.RESULT arm=class_aware_dirty_off
RESULT elapsed_ns=86184300
RESULT window_ns=80033500
RESULT owner_allocs=3492
RESULT segments_reserved_total=190
.RESULT arm=class_aware_dirty_off
RESULT elapsed_ns=59065500
RESULT window_ns=51887800
RESULT owner_allocs=4015
RESULT segments_reserved_total=191
.RESULT arm=class_aware_dirty_on
RESULT elapsed_ns=112693300
RESULT window_ns=105847900
RESULT owner_allocs=8192
RESULT segments_reserved_total=241
.RESULT arm=class_aware_dirty_on
RESULT elapsed_ns=273902100
RESULT window_ns=267101600
RESULT owner_allocs=25282
RESULT segments_reserved_total=375
.RESULT arm=class_aware_dirty_off
RESULT elapsed_ns=202020700
RESULT window_ns=195373800
RESULT owner_allocs=29184
RESULT segments_reserved_total=402
.RESULT arm=class_aware_dirty_off
RESULT elapsed_ns=94600000
RESULT window_ns=86142600
RESULT owner_allocs=183296
RESULT segments_reserved_total=212
.RESULT arm=class_aware_dirty_on
RESULT elapsed_ns=199287800
RESULT window_ns=192060900
RESULT owner_allocs=20480
RESULT segments_reserved_total=334
.RESULT arm=class_aware_dirty_on
RESULT elapsed_ns=133603600
RESULT window_ns=126732600
RESULT owner_allocs=3072
RESULT segments_reserved_total=203
.RESULT arm=class_aware_dirty_off
RESULT elapsed_ns=145692900
RESULT window_ns=138989100
RESULT owner_allocs=13824
RESULT segments_reserved_total=284
.RESULT arm=class_aware_dirty_off
RESULT elapsed_ns=158275900
RESULT window_ns=151537800
RESULT owner_allocs=375287
RESULT segments_reserved_total=184
.RESULT arm=class_aware_dirty_on
RESULT elapsed_ns=592169700
RESULT window_ns=585435400
RESULT owner_allocs=83968
RESULT segments_reserved_total=830
.RESULT arm=class_aware_dirty_on
RESULT elapsed_ns=365547900
RESULT window_ns=358211400
RESULT owner_allocs=36864
RESULT segments_reserved_total=465
.RESULT arm=class_aware_dirty_off
RESULT elapsed_ns=184989900
RESULT window_ns=177999800
RESULT owner_allocs=15002
RESULT segments_reserved_total=292
.RESULT arm=class_aware_dirty_off
RESULT elapsed_ns=197286400
RESULT window_ns=191241400
RESULT owner_allocs=3938
RESULT segments_reserved_total=203
.RESULT arm=class_aware_dirty_on
RESULT elapsed_ns=92731000
RESULT window_ns=84726900
RESULT owner_allocs=124175
RESULT segments_reserved_total=226
.RESULT arm=class_aware_dirty_on
RESULT elapsed_ns=87175500
RESULT window_ns=80483100
RESULT owner_allocs=800
RESULT segments_reserved_total=186
.RESULT arm=class_aware_dirty_off
RESULT elapsed_ns=79058200
RESULT window_ns=72957300
RESULT owner_allocs=993
RESULT segments_reserved_total=183
.RESULT arm=class_aware_dirty_off
RESULT elapsed_ns=145219500
RESULT window_ns=138669300
RESULT owner_allocs=1968
RESULT segments_reserved_total=191
.RESULT arm=class_aware_dirty_on
RESULT elapsed_ns=78667400
RESULT window_ns=72160500
RESULT owner_allocs=800
RESULT segments_reserved_total=182
.RESULT arm=class_aware_dirty_on
RESULT elapsed_ns=110461200
RESULT window_ns=103700800
RESULT owner_allocs=800
RESULT segments_reserved_total=185
.RESULT arm=class_aware_dirty_off
RESULT elapsed_ns=75750100
RESULT window_ns=68963600
RESULT owner_allocs=800
RESULT segments_reserved_total=184
.RESULT arm=class_aware_dirty_off
RESULT elapsed_ns=60629400
RESULT window_ns=53623700
RESULT owner_allocs=800
RESULT segments_reserved_total=184
.RESULT arm=class_aware_dirty_on
RESULT elapsed_ns=109342100
RESULT window_ns=102754300
RESULT owner_allocs=800
RESULT segments_reserved_total=183
.RESULT arm=class_aware_dirty_on
RESULT elapsed_ns=67135700
RESULT window_ns=59699000
RESULT owner_allocs=800
RESULT segments_reserved_total=179
.RESULT arm=class_aware_dirty_off
RESULT elapsed_ns=58631400
RESULT window_ns=51530800
RESULT owner_allocs=800
RESULT segments_reserved_total=178
.RESULT arm=class_aware_dirty_off
RESULT elapsed_ns=66628900
RESULT window_ns=59189900
RESULT owner_allocs=800
RESULT segments_reserved_total=185
.RESULT arm=class_aware_dirty_on
RESULT elapsed_ns=72035500
RESULT window_ns=66122400
RESULT owner_allocs=800
RESULT segments_reserved_total=183
.RESULT arm=class_aware_dirty_on
RESULT elapsed_ns=67687500
RESULT window_ns=61067300
RESULT owner_allocs=800
RESULT segments_reserved_total=179
.RESULT arm=class_aware_dirty_off
RESULT elapsed_ns=83820200
RESULT window_ns=77370600
RESULT owner_allocs=800
RESULT segments_reserved_total=186
.RESULT arm=class_aware_dirty_off
RESULT elapsed_ns=58090800
RESULT window_ns=51773400
RESULT owner_allocs=800
RESULT segments_reserved_total=182
.RESULT arm=class_aware_dirty_on
RESULT elapsed_ns=56718200
RESULT window_ns=50693800
RESULT owner_allocs=800
RESULT segments_reserved_total=179
.RESULT arm=class_aware_dirty_on
RESULT elapsed_ns=56347700
RESULT window_ns=50226800
RESULT owner_allocs=800
RESULT segments_reserved_total=179
.RESULT arm=class_aware_dirty_off
RESULT elapsed_ns=53360200
RESULT window_ns=47281200
RESULT owner_allocs=800
RESULT segments_reserved_total=179
.RESULT arm=class_aware_dirty_off
RESULT elapsed_ns=55212300
RESULT window_ns=48351900
RESULT owner_allocs=800
RESULT segments_reserved_total=180
.RESULT arm=class_aware_dirty_on
RESULT elapsed_ns=53490000
RESULT window_ns=47337200
RESULT owner_allocs=800
RESULT segments_reserved_total=178
.RESULT arm=class_aware_dirty_on
RESULT elapsed_ns=53376200
RESULT window_ns=47270200
RESULT owner_allocs=800
RESULT segments_reserved_total=179
.RESULT arm=class_aware_dirty_off
RESULT elapsed_ns=50197400
RESULT window_ns=44630400
RESULT owner_allocs=800
RESULT segments_reserved_total=179
.RESULT arm=class_aware_dirty_off
RESULT elapsed_ns=51773700
RESULT window_ns=45254200
RESULT owner_allocs=800
RESULT segments_reserved_total=181
.RESULT arm=class_aware_dirty_on
RESULT elapsed_ns=51720300
RESULT window_ns=45551800
RESULT owner_allocs=800
RESULT segments_reserved_total=179
.RESULT arm=class_aware_dirty_on
RESULT elapsed_ns=51822000
RESULT window_ns=46035500
RESULT owner_allocs=800
RESULT segments_reserved_total=178
.RESULT arm=class_aware_dirty_off
RESULT elapsed_ns=50830300
RESULT window_ns=44825100
RESULT owner_allocs=800
RESULT segments_reserved_total=179
.RESULT arm=class_aware_dirty_off
RESULT elapsed_ns=52496800
RESULT window_ns=46480000
RESULT owner_allocs=800
RESULT segments_reserved_total=179
.RESULT arm=class_aware_dirty_on
RESULT elapsed_ns=56819400
RESULT window_ns=50834600
RESULT owner_allocs=800
RESULT segments_reserved_total=180
.RESULT arm=class_aware_dirty_on
RESULT elapsed_ns=51851100
RESULT window_ns=45777700
RESULT owner_allocs=800
RESULT segments_reserved_total=177
.RESULT arm=class_aware_dirty_off
RESULT elapsed_ns=50171200
RESULT window_ns=44328700
RESULT owner_allocs=800
RESULT segments_reserved_total=179
.RESULT arm=class_aware_dirty_off
RESULT elapsed_ns=54082900
RESULT window_ns=48321300
RESULT owner_allocs=800
RESULT segments_reserved_total=180
.RESULT arm=class_aware_dirty_on
RESULT elapsed_ns=50966800
RESULT window_ns=44983400
RESULT owner_allocs=800
RESULT segments_reserved_total=179
.RESULT arm=class_aware_dirty_on
RESULT elapsed_ns=57360900
RESULT window_ns=50463800
RESULT owner_allocs=800
RESULT segments_reserved_total=179
.RESULT arm=class_aware_dirty_off
RESULT elapsed_ns=54522400
RESULT window_ns=48646300
RESULT owner_allocs=800
RESULT segments_reserved_total=180
.

  === off vs on (A - B, ns) ===
  n=20  mean Δ=-22.526 ms  sd=71.746 ms  se=16.043 ms  t=-1.404  df=19  crit(p<0.05)=2.101  => NOT statistically distinguishable from noise (fails to reject null)
  sign test: off-faster=13/20  on-faster=7/20  ties=0

[paired-ab] provenance written to D:\dev\rust\sefer-alloc/docs/perf/paired_ab_runs/2026-07-23T10-14-53-180Z.json

[paired-ab] Reading this output: `t` past `crit` (or sign test heavily lopsided, e.g. 17+/20) means a REAL,
  non-noise wall-clock difference on THIS host for THIS workload — mirroring
  docs/perf/R5_R2_CHURN_REGRESSION_PAIRED_AB.md's verdict criteria. A same-vs-same control run
  (--arms sefer,sefer) should show t well under `crit` and a roughly even sign-test split --
  if it does not, that indicates a harness bug (non-reproducible workload, background load
  bleeding into the timed region), not a real self-difference.
