producers=2   ns/round(window)=     5805149  ns/owner_alloc(window)=   647.8  ns/full_round=     6528774
Benchmarking r12_7_class_aware_dirty_wallclock/producers=4
Benchmarking r12_7_class_aware_dirty_wallclock/producers=4: Warming up for 300.00 ms
Benchmarking r12_7_class_aware_dirty_wallclock/producers=4: Collecting 10 samples in estimated 1.6056 s (220 iterations)
Benchmarking r12_7_class_aware_dirty_wallclock/producers=4: Analyzing
r12_7_class_aware_dirty_wallclock/producers=4
                        time:   [6.3836 ms 7.9904 ms 10.336 ms]
producers=4   ns/round(window)=     6251577  ns/owner_alloc(window)=   653.1  ns/full_round=     8321686
Benchmarking r12_7_class_aware_dirty_wallclock/producers=8
Benchmarking r12_7_class_aware_dirty_wallclock/producers=8: Warming up for 300.00 ms

Warning: Unable to complete 10 samples in 1.5s. You may wish to increase target time to 2.4s or enable flat sampling.
Benchmarking r12_7_class_aware_dirty_wallclock/producers=8: Collecting 10 samples in estimated 2.3865 s (55 iterations)
Benchmarking r12_7_class_aware_dirty_wallclock/producers=8: Analyzing
r12_7_class_aware_dirty_wallclock/producers=8
                        time:   [33.216 ms 36.044 ms 41.299 ms]
                        change: [-79.224% -68.994% -46.221%] (p = 0.00 < 0.05)
                        Performance has improved.
producers=8   ns/round(window)=     9136224  ns/owner_alloc(window)=   617.6  ns/full_round=    38060685
───────────────────────────────────────────────────────────────────
N=1 -> N=4 ns/owner_alloc(window) delta: 645.4 -> 653.1 (+1.2%) [R9-6 gate threshold: >5% => GO on stage 2, else NO-GO]
N=1 -> N=4 ns/full_round delta: 2351138 -> 8321686 (+253.9%) [companion axis — see module doc "Two axes, printed side by side"; this is the SAME region criterion's own "time:" output measures]
═══════════════════════════════════════════════════════════════════


