RESULT rss_before_kib=2900
RESULT rss_after_1_heap_kib=3020
RESULT rss_after_8_heaps_kib=3724
RESULT rss_after_64_heaps_kib=8512
RESULT peak_rss_kib=8516
RESULT commit_before_kib=620
RESULT commit_after_1_heap_kib=1520
RESULT commit_after_8_heaps_kib=4892
RESULT commit_after_64_heaps_kib=29000
RESULT first_alloc_latency_ns=84100
RESULT heaps_claimed_high_water=65
RESULT rss_before_kib=2904
RESULT rss_after_1_heap_kib=3024
RESULT rss_after_8_heaps_kib=3728
RESULT rss_after_64_heaps_kib=8512
RESULT peak_rss_kib=8516
RESULT commit_before_kib=616
RESULT commit_after_1_heap_kib=1516
RESULT commit_after_8_heaps_kib=4888
RESULT commit_after_64_heaps_kib=28988
RESULT first_alloc_latency_ns=95300
RESULT heaps_claimed_high_water=65
RESULT rss_before_kib=2904
RESULT rss_after_1_heap_kib=3024
RESULT rss_after_8_heaps_kib=3712
RESULT rss_after_64_heaps_kib=8480
RESULT peak_rss_kib=8484
RESULT commit_before_kib=628
RESULT commit_after_1_heap_kib=1528
RESULT commit_after_8_heaps_kib=4884
RESULT commit_after_64_heaps_kib=28964
RESULT first_alloc_latency_ns=152600
RESULT heaps_claimed_high_water=65
RESULT rss_before_kib=2904
RESULT rss_after_1_heap_kib=3024
RESULT rss_after_8_heaps_kib=3724
RESULT rss_after_64_heaps_kib=8456
RESULT peak_rss_kib=8460
RESULT commit_before_kib=620
RESULT commit_after_1_heap_kib=1520
RESULT commit_after_8_heaps_kib=4888
RESULT commit_after_64_heaps_kib=28932
RESULT first_alloc_latency_ns=155000
RESULT heaps_claimed_high_water=65
RESULT rss_before_kib=2900
RESULT rss_after_1_heap_kib=3020
RESULT rss_after_8_heaps_kib=3712
RESULT rss_after_64_heaps_kib=8456
RESULT peak_rss_kib=8460
RESULT commit_before_kib=620
RESULT commit_after_1_heap_kib=1524
RESULT commit_after_8_heaps_kib=4884
RESULT commit_after_64_heaps_kib=28948
RESULT first_alloc_latency_ns=102500
RESULT heaps_claimed_high_water=65
