RESULT rss_before_kib=2920
RESULT rss_after_1_heap_kib=3044
RESULT rss_after_8_heaps_kib=3744
RESULT rss_after_64_heaps_kib=8484
RESULT peak_rss_kib=8488
RESULT commit_before_kib=648
RESULT commit_after_1_heap_kib=1556
RESULT commit_after_8_heaps_kib=4924
RESULT commit_after_64_heaps_kib=28988
RESULT first_alloc_latency_ns=145800
RESULT heaps_claimed_high_water=65
RESULT rss_before_kib=2920
RESULT rss_after_1_heap_kib=3044
RESULT rss_after_8_heaps_kib=3736
RESULT rss_after_64_heaps_kib=8508
RESULT peak_rss_kib=8512
RESULT commit_before_kib=640
RESULT commit_after_1_heap_kib=1548
RESULT commit_after_8_heaps_kib=4908
RESULT commit_after_64_heaps_kib=29000
RESULT first_alloc_latency_ns=105900
RESULT heaps_claimed_high_water=65
RESULT rss_before_kib=2920
RESULT rss_after_1_heap_kib=3044
RESULT rss_after_8_heaps_kib=3740
RESULT rss_after_64_heaps_kib=8480
RESULT peak_rss_kib=8484
RESULT commit_before_kib=652
RESULT commit_after_1_heap_kib=1556
RESULT commit_after_8_heaps_kib=4920
RESULT commit_after_64_heaps_kib=28980
RESULT first_alloc_latency_ns=72100
RESULT heaps_claimed_high_water=65
RESULT rss_before_kib=2920
RESULT rss_after_1_heap_kib=3044
RESULT rss_after_8_heaps_kib=3744
RESULT rss_after_64_heaps_kib=8488
RESULT peak_rss_kib=8492
RESULT commit_before_kib=652
RESULT commit_after_1_heap_kib=1556
RESULT commit_after_8_heaps_kib=4924
RESULT commit_after_64_heaps_kib=28984
RESULT first_alloc_latency_ns=94800
RESULT heaps_claimed_high_water=65
RESULT rss_before_kib=2920
RESULT rss_after_1_heap_kib=3048
RESULT rss_after_8_heaps_kib=3744
RESULT rss_after_64_heaps_kib=8484
RESULT peak_rss_kib=8488
RESULT commit_before_kib=644
RESULT commit_after_1_heap_kib=1556
RESULT commit_after_8_heaps_kib=4920
RESULT commit_after_64_heaps_kib=28980
RESULT first_alloc_latency_ns=110500
RESULT heaps_claimed_high_water=65
