[iai] wsl: /mnt/d/dev/rust/sefer-alloc
[iai] features: production | target: /tmp/sefer-iai
iai_callgrind_runner: Error: No version information found for iai-callgrind but iai-callgrind-runner (0.14.2) is >= '0.3.0'. Please update iai-callgrind to '0.14.2' in your Cargo.toml file
__MISSING__
[iai] runner already installed: 0.14.2 (skip install)

[iai] running benches...

   Compiling regex-syntax v0.8.11
   Compiling serde_core v1.0.228
   Compiling cc v1.2.65
   Compiling syn v2.0.118
   Compiling getrandom v0.3.4
   Compiling getrandom v0.4.3
   Compiling rustix v1.1.4
   Compiling wait-timeout v0.2.1
   Compiling rayon-core v1.13.0
   Compiling clap_builder v4.6.0
   Compiling slotmap v1.1.1
   Compiling itertools v0.10.5
   Compiling iai-callgrind v0.14.2
   Compiling walkdir v2.5.0
   Compiling plotters v0.3.7
   Compiling rand_core v0.9.5
   Compiling is-terminal v0.4.17
   Compiling proc-memstat v0.1.0 (/mnt/d/dev/rust/sefer-alloc/crates/proc-memstat)
   Compiling rand_xorshift v0.4.0
   Compiling rand v0.9.4
   Compiling anes v0.1.6
   Compiling pin-project-lite v0.2.17
   Compiling racy-ptr-cell v0.1.0 (/mnt/d/dev/rust/sefer-alloc/crates/racy-ptr-cell)
   Compiling oorandom v11.1.5
   Compiling aligned-vmem v0.2.0 (/mnt/d/dev/rust/sefer-alloc/crates/vmem)
   Compiling tagged-index-stack v0.1.0 (/mnt/d/dev/rust/sefer-alloc/crates/tagged-index-stack)
   Compiling size-classes v0.1.0 (/mnt/d/dev/rust/sefer-alloc/crates/size-classes)
   Compiling sefer-region v0.1.0 (/mnt/d/dev/rust/sefer-alloc/crates/region)
   Compiling proc-probe v0.1.0 (/mnt/d/dev/rust/sefer-alloc/crates/proc-probe)
   Compiling malloc-bench-rs v0.1.0 (/mnt/d/dev/rust/sefer-alloc/crates/malloc-bench)
   Compiling rayon v1.12.0
   Compiling sefer-alloc v0.3.0 (/mnt/d/dev/rust/sefer-alloc)
   Compiling libmimalloc-sys v0.1.49
   Compiling criterion-plot v0.5.0
   Compiling tempfile v3.27.0
   Compiling regex-automata v0.4.14
   Compiling rusty-fork v0.3.1
   Compiling serde_json v1.0.150
   Compiling clap v4.6.1
   Compiling proc-macro-error2 v2.0.1
   Compiling serde_derive v1.0.228
   Compiling zerocopy-derive v0.8.52
   Compiling derive_more-impl v2.1.1
   Compiling tokio-macros v2.7.0
   Compiling regex v1.12.4
   Compiling tokio v1.52.3
   Compiling derive_more v2.1.1
   Compiling zerocopy v0.8.52
   Compiling serde v1.0.228
   Compiling mimalloc v0.1.52
   Compiling iai-callgrind-macros v0.5.1
   Compiling bincode v1.3.3
   Compiling tinytemplate v1.2.1
   Compiling iai-callgrind-runner v0.14.2
   Compiling ppv-lite86 v0.2.21
   Compiling half v2.7.1
   Compiling ciborium-ll v0.2.2
   Compiling rand_chacha v0.9.0
   Compiling ciborium v0.2.2
   Compiling proptest v1.11.0
   Compiling criterion v0.5.1
   Compiling globalalloc-model v0.1.0 (/mnt/d/dev/rust/sefer-alloc/crates/globalalloc-model)
    Finished `bench` profile [optimized] target(s) in 1m 01s
warning: the following packages contain code that will be rejected by a future version of Rust: proc-macro-error2 v2.0.1
note: to see what the problems were, use the option `--future-incompat-report`, or run `cargo report future-incompatibilities --id 1`
     Running benches/perf_gate_iai.rs (/tmp/sefer-iai/release/deps/perf_gate_iai-03646e20bcf4157f)
perf_gate_iai::perf_gate::small_churn_16b
  Instructions:                       28571|N/A                  (*********)
  L1 Hits:                            51174|N/A                  (*********)
  L2 Hits:                              143|N/A                  (*********)
  RAM Hits:                             767|N/A                  (*********)
  Total read+write:                   52084|N/A                  (*********)
  Estimated Cycles:                   78734|N/A                  (*********)
perf_gate_iai::perf_gate::aligned_churn_640b_a128
  Instructions:                       28507|N/A                  (*********)
  L1 Hits:                            51113|N/A                  (*********)
  L2 Hits:                              142|N/A                  (*********)
  RAM Hits:                             765|N/A                  (*********)
  Total read+write:                   52020|N/A                  (*********)
  Estimated Cycles:                   78598|N/A                  (*********)
perf_gate_iai::perf_gate::large_alloc_free_cycle
  Instructions:                       23831|N/A                  (*********)
  L1 Hits:                            45401|N/A                  (*********)
  L2 Hits:                              144|N/A                  (*********)
  RAM Hits:                             763|N/A                  (*********)
  Total read+write:                   46308|N/A                  (*********)
  Estimated Cycles:                   72826|N/A                  (*********)
perf_gate_iai::perf_gate::realloc_grow
  Instructions:                      513187|N/A                  (*********)
  L1 Hits:                          1087343|N/A                  (*********)
  L2 Hits:                             3946|N/A                  (*********)
  RAM Hits:                           70650|N/A                  (*********)
  Total read+write:                 1161939|N/A                  (*********)
  Estimated Cycles:                 3579823|N/A                  (*********)
perf_gate_iai::perf_gate::cold_alloc_free_256x16b
  Instructions:                       70669|N/A                  (*********)
  L1 Hits:                           102773|N/A                  (*********)
  L2 Hits:                              152|N/A                  (*********)
  RAM Hits:                             883|N/A                  (*********)
  Total read+write:                  103808|N/A                  (*********)
  Estimated Cycles:                  134438|N/A                  (*********)
perf_gate_iai::perf_gate::cold_alloc_free_256x64b
  Instructions:                       70669|N/A                  (*********)
  L1 Hits:                           102589|N/A                  (*********)
  L2 Hits:                              152|N/A                  (*********)
  RAM Hits:                            1067|N/A                  (*********)
  Total read+write:                  103808|N/A                  (*********)
  Estimated Cycles:                  140694|N/A                  (*********)
perf_gate_iai::perf_gate::recycle_alloc_free_256x16b
  Instructions:                      118796|N/A                  (*********)
  L1 Hits:                           161573|N/A                  (*********)
  L2 Hits:                               76|N/A                  (*********)
  RAM Hits:                             991|N/A                  (*********)
  Total read+write:                  162640|N/A                  (*********)
  Estimated Cycles:                  196638|N/A                  (*********)
perf_gate_iai::perf_gate::recycle_alloc_free_256x64b
  Instructions:                      118796|N/A                  (*********)
  L1 Hits:                           161374|N/A                  (*********)
  L2 Hits:                               77|N/A                  (*********)
  RAM Hits:                            1189|N/A                  (*********)
  Total read+write:                  162640|N/A                  (*********)
  Estimated Cycles:                  203374|N/A                  (*********)
perf_gate_iai::perf_gate::churn_256b
  Instructions:                       28571|N/A                  (*********)
  L1 Hits:                            51174|N/A                  (*********)
  L2 Hits:                              143|N/A                  (*********)
  RAM Hits:                             767|N/A                  (*********)
  Total read+write:                   52084|N/A                  (*********)
  Estimated Cycles:                   78734|N/A                  (*********)
perf_gate_iai::perf_gate::churn_write_256b
  Instructions:                       28827|N/A                  (*********)
  L1 Hits:                            51558|N/A                  (*********)
  L2 Hits:                              143|N/A                  (*********)
  RAM Hits:                             767|N/A                  (*********)
  Total read+write:                   52468|N/A                  (*********)
  Estimated Cycles:                   79118|N/A                  (*********)
perf_gate_iai::perf_gate::multiseg_cold_256k
  Instructions:                       46242|N/A                  (*********)
  L1 Hits:                            75460|N/A                  (*********)
  L2 Hits:                               65|N/A                  (*********)
  RAM Hits:                            1067|N/A                  (*********)
  Total read+write:                   76592|N/A                  (*********)
  Estimated Cycles:                  113130|N/A                  (*********)
perf_gate_iai::perf_gate::seg_cycle_decommit_256k
  Instructions:                       82292|N/A                  (*********)
  L1 Hits:                           123762|N/A                  (*********)
  L2 Hits:                              119|N/A                  (*********)
  RAM Hits:                            1067|N/A                  (*********)
  Total read+write:                  124948|N/A                  (*********)
  Estimated Cycles:                  161702|N/A                  (*********)

Iai-Callgrind result: Ok. 12 without regressions; 0 regressed; 12 benchmarks finished in 5.73686s

  bench                                 Ir            L1            L2           RAM     EstCycles        Ir/op*
  --------------------------  ------------  ------------  ------------  ------------  ------------  ------------
  small_churn_16b                   28,571        51,174           143           767        78,734          74.1
  aligned_churn_640b_a128           28,507        51,113           142           765        78,598          73.1
  large_alloc_free_cycle            23,831        45,401           144           763        72,826             -
  realloc_grow                     513,187     1,087,343         3,946        70,650     3,579,823      30,584.8
  cold_alloc_free_256x16b           70,669       102,773           152           883       134,438         183.0
  cold_alloc_free_256x64b           70,669       102,589           152         1,067       140,694         183.0
  recycle_alloc_free_256x16b       118,796       161,573            76           991       196,638         185.5
  recycle_alloc_free_256x64b       118,796       161,374            77         1,189       203,374         185.5
  churn_256b                        28,571        51,174           143           767        78,734          74.1
  churn_write_256b                  28,827        51,558           143           767        79,118          78.1
  multiseg_cold_256k                46,242        75,460            65         1,067       113,130         329.6
  seg_cycle_decommit_256k           82,292       123,762           119         1,067       161,702         286.6

  * Ir/op = (Ir − 23,831) / ops — marginal instruction count per
    operation, with the one-time process bootstrap subtracted (constant taken
    from large_alloc_free_cycle). Comparable across benches; the honest unit for
    per-op thresholds (review finding F2). "-" = bootstrap proxy / no op-count.

[iai] PASS — 12 bench(es) produced Ir
