RESULT rss_before_kib=3232
RESULT rss_after_1_heap_kib=3352
RESULT rss_after_8_heaps_kib=4036
RESULT rss_after_64_heaps_kib=8752
RESULT peak_rss_kib=8756
RESULT commit_before_kib=692
RESULT commit_after_1_heap_kib=1600
RESULT commit_after_8_heaps_kib=4952
RESULT commit_after_64_heaps_kib=29004
RESULT first_alloc_latency_ns=353100
RESULT heaps_claimed_high_water=65
RESULT rss_before_kib=2920
RESULT rss_after_1_heap_kib=3044
RESULT rss_after_8_heaps_kib=3756
RESULT rss_after_64_heaps_kib=8508
RESULT peak_rss_kib=8512
RESULT commit_before_kib=652
RESULT commit_after_1_heap_kib=1560
RESULT commit_after_8_heaps_kib=4940
RESULT commit_after_64_heaps_kib=29008
RESULT first_alloc_latency_ns=102800
RESULT heaps_claimed_high_water=65
RESULT rss_before_kib=2916
RESULT rss_after_1_heap_kib=3044
RESULT rss_after_8_heaps_kib=3736
RESULT rss_after_64_heaps_kib=8464
RESULT peak_rss_kib=8468
RESULT commit_before_kib=644
RESULT commit_after_1_heap_kib=1552
RESULT commit_after_8_heaps_kib=4912
RESULT commit_after_64_heaps_kib=28964
RESULT first_alloc_latency_ns=74400
RESULT heaps_claimed_high_water=65
RESULT rss_before_kib=2916
RESULT rss_after_1_heap_kib=3040
RESULT rss_after_8_heaps_kib=3740
RESULT rss_after_64_heaps_kib=8500
RESULT peak_rss_kib=8504
RESULT commit_before_kib=640
RESULT commit_after_1_heap_kib=1548
RESULT commit_after_8_heaps_kib=4916
RESULT commit_after_64_heaps_kib=28992
RESULT first_alloc_latency_ns=161300
RESULT heaps_claimed_high_water=65
RESULT rss_before_kib=2920
RESULT rss_after_1_heap_kib=3044
RESULT rss_after_8_heaps_kib=3740
RESULT rss_after_64_heaps_kib=8480
RESULT peak_rss_kib=8484
RESULT commit_before_kib=652
RESULT commit_after_1_heap_kib=1556
RESULT commit_after_8_heaps_kib=4924
RESULT commit_after_64_heaps_kib=28992
RESULT first_alloc_latency_ns=103100
RESULT heaps_claimed_high_water=65
