[paired-ab] --config has no "build" step; assuming arm commands are already built.

[paired-ab] off vs on — 15 pairs, A/B/B/A protocol
RESULT arm=large_cache_extended_off
RESULT elapsed_ns=364621000
RESULT large_cache_hits=1600
RESULT total_deallocs=4800
RESULT rss_after_kib=3136
RESULT commit_after_kib=34400
RESULT segments_reserved_total=3257
.RESULT arm=large_cache_extended_on
RESULT elapsed_ns=650800
RESULT large_cache_hits=4800
RESULT total_deallocs=4800
RESULT rss_after_kib=3268
RESULT commit_after_kib=100060
RESULT segments_reserved_total=25
.RESULT arm=large_cache_extended_on
RESULT elapsed_ns=807400
RESULT large_cache_hits=4800
RESULT total_deallocs=4800
RESULT rss_after_kib=3268
RESULT commit_after_kib=100068
RESULT segments_reserved_total=25
.RESULT arm=large_cache_extended_off
RESULT elapsed_ns=348128200
RESULT large_cache_hits=1600
RESULT total_deallocs=4800
RESULT rss_after_kib=3124
RESULT commit_after_kib=34368
RESULT segments_reserved_total=3257
.RESULT arm=large_cache_extended_off
RESULT elapsed_ns=352968600
RESULT large_cache_hits=1600
RESULT total_deallocs=4800
RESULT rss_after_kib=3136
RESULT commit_after_kib=34384
RESULT segments_reserved_total=3257
.RESULT arm=large_cache_extended_on
RESULT elapsed_ns=740100
RESULT large_cache_hits=4800
RESULT total_deallocs=4800
RESULT rss_after_kib=3268
RESULT commit_after_kib=100064
RESULT segments_reserved_total=25
.RESULT arm=large_cache_extended_on
RESULT elapsed_ns=932500
RESULT large_cache_hits=4800
RESULT total_deallocs=4800
RESULT rss_after_kib=3268
RESULT commit_after_kib=100060
RESULT segments_reserved_total=25
.RESULT arm=large_cache_extended_off
RESULT elapsed_ns=352822200
RESULT large_cache_hits=1600
RESULT total_deallocs=4800
RESULT rss_after_kib=3136
RESULT commit_after_kib=34396
RESULT segments_reserved_total=3257
.RESULT arm=large_cache_extended_off
RESULT elapsed_ns=347392600
RESULT large_cache_hits=1600
RESULT total_deallocs=4800
RESULT rss_after_kib=3136
RESULT commit_after_kib=34400
RESULT segments_reserved_total=3257
.RESULT arm=large_cache_extended_on
RESULT elapsed_ns=719000
RESULT large_cache_hits=4800
RESULT total_deallocs=4800
RESULT rss_after_kib=3264
RESULT commit_after_kib=100060
RESULT segments_reserved_total=25
.RESULT arm=large_cache_extended_on
RESULT elapsed_ns=1055800
RESULT large_cache_hits=4800
RESULT total_deallocs=4800
RESULT rss_after_kib=3268
RESULT commit_after_kib=100072
RESULT segments_reserved_total=25
.RESULT arm=large_cache_extended_off
RESULT elapsed_ns=352938600
RESULT large_cache_hits=1600
RESULT total_deallocs=4800
RESULT rss_after_kib=3132
RESULT commit_after_kib=34384
RESULT segments_reserved_total=3257
.RESULT arm=large_cache_extended_off
RESULT elapsed_ns=349721900
RESULT large_cache_hits=1600
RESULT total_deallocs=4800
RESULT rss_after_kib=3136
RESULT commit_after_kib=34400
RESULT segments_reserved_total=3257
.RESULT arm=large_cache_extended_on
RESULT elapsed_ns=1189600
RESULT large_cache_hits=4800
RESULT total_deallocs=4800
RESULT rss_after_kib=3268
RESULT commit_after_kib=100060
RESULT segments_reserved_total=25
.RESULT arm=large_cache_extended_on
RESULT elapsed_ns=1094200
RESULT large_cache_hits=4800
RESULT total_deallocs=4800
RESULT rss_after_kib=3268
RESULT commit_after_kib=100064
RESULT segments_reserved_total=25
.RESULT arm=large_cache_extended_off
RESULT elapsed_ns=341494200
RESULT large_cache_hits=1600
RESULT total_deallocs=4800
RESULT rss_after_kib=3132
RESULT commit_after_kib=34388
RESULT segments_reserved_total=3257
.RESULT arm=large_cache_extended_off
RESULT elapsed_ns=334850400
RESULT large_cache_hits=1600
RESULT total_deallocs=4800
RESULT rss_after_kib=3136
RESULT commit_after_kib=34392
RESULT segments_reserved_total=3257
.RESULT arm=large_cache_extended_on
RESULT elapsed_ns=973100
RESULT large_cache_hits=4800
RESULT total_deallocs=4800
RESULT rss_after_kib=3268
RESULT commit_after_kib=100068
RESULT segments_reserved_total=25
.RESULT arm=large_cache_extended_on
RESULT elapsed_ns=937800
RESULT large_cache_hits=4800
RESULT total_deallocs=4800
RESULT rss_after_kib=3268
RESULT commit_after_kib=100064
RESULT segments_reserved_total=25
.RESULT arm=large_cache_extended_off
RESULT elapsed_ns=340551300
RESULT large_cache_hits=1600
RESULT total_deallocs=4800
RESULT rss_after_kib=3136
RESULT commit_after_kib=34388
RESULT segments_reserved_total=3257
.RESULT arm=large_cache_extended_off
RESULT elapsed_ns=351083700
RESULT large_cache_hits=1600
RESULT total_deallocs=4800
RESULT rss_after_kib=3136
RESULT commit_after_kib=34396
RESULT segments_reserved_total=3257
.RESULT arm=large_cache_extended_on
RESULT elapsed_ns=827100
RESULT large_cache_hits=4800
RESULT total_deallocs=4800
RESULT rss_after_kib=3268
RESULT commit_after_kib=100064
RESULT segments_reserved_total=25
.RESULT arm=large_cache_extended_on
RESULT elapsed_ns=1109100
RESULT large_cache_hits=4800
RESULT total_deallocs=4800
RESULT rss_after_kib=3268
RESULT commit_after_kib=100068
RESULT segments_reserved_total=25
.RESULT arm=large_cache_extended_off
RESULT elapsed_ns=348058100
RESULT large_cache_hits=1600
RESULT total_deallocs=4800
RESULT rss_after_kib=3144
RESULT commit_after_kib=34404
RESULT segments_reserved_total=3257
.RESULT arm=large_cache_extended_off
RESULT elapsed_ns=337190200
RESULT large_cache_hits=1600
RESULT total_deallocs=4800
RESULT rss_after_kib=3136
RESULT commit_after_kib=34392
RESULT segments_reserved_total=3257
.RESULT arm=large_cache_extended_on
RESULT elapsed_ns=805700
RESULT large_cache_hits=4800
RESULT total_deallocs=4800
RESULT rss_after_kib=3268
RESULT commit_after_kib=100072
RESULT segments_reserved_total=25
.RESULT arm=large_cache_extended_on
RESULT elapsed_ns=911400
RESULT large_cache_hits=4800
RESULT total_deallocs=4800
RESULT rss_after_kib=3268
RESULT commit_after_kib=100064
RESULT segments_reserved_total=25
.RESULT arm=large_cache_extended_off
RESULT elapsed_ns=341801000
RESULT large_cache_hits=1600
RESULT total_deallocs=4800
RESULT rss_after_kib=3144
RESULT commit_after_kib=34408
RESULT segments_reserved_total=3257
.RESULT arm=large_cache_extended_off
RESULT elapsed_ns=332541800
RESULT large_cache_hits=1600
RESULT total_deallocs=4800
RESULT rss_after_kib=3136
RESULT commit_after_kib=34388
RESULT segments_reserved_total=3257
.RESULT arm=large_cache_extended_on
RESULT elapsed_ns=988300
RESULT large_cache_hits=4800
RESULT total_deallocs=4800
RESULT rss_after_kib=3268
RESULT commit_after_kib=100064
RESULT segments_reserved_total=25
.RESULT arm=large_cache_extended_on
RESULT elapsed_ns=1093000
RESULT large_cache_hits=4800
RESULT total_deallocs=4800
RESULT rss_after_kib=3268
RESULT commit_after_kib=100068
RESULT segments_reserved_total=25
.RESULT arm=large_cache_extended_off
RESULT elapsed_ns=344908200
RESULT large_cache_hits=1600
RESULT total_deallocs=4800
RESULT rss_after_kib=3136
RESULT commit_after_kib=34400
RESULT segments_reserved_total=3257
.RESULT arm=large_cache_extended_off
RESULT elapsed_ns=335387500
RESULT large_cache_hits=1600
RESULT total_deallocs=4800
RESULT rss_after_kib=3136
RESULT commit_after_kib=34404
RESULT segments_reserved_total=3257
.RESULT arm=large_cache_extended_on
RESULT elapsed_ns=1060800
RESULT large_cache_hits=4800
RESULT total_deallocs=4800
RESULT rss_after_kib=3268
RESULT commit_after_kib=100060
RESULT segments_reserved_total=25
.RESULT arm=large_cache_extended_on
RESULT elapsed_ns=909200
RESULT large_cache_hits=4800
RESULT total_deallocs=4800
RESULT rss_after_kib=3276
RESULT commit_after_kib=100080
RESULT segments_reserved_total=25
.RESULT arm=large_cache_extended_off
RESULT elapsed_ns=342459000
RESULT large_cache_hits=1600
RESULT total_deallocs=4800
RESULT rss_after_kib=3136
RESULT commit_after_kib=34392
RESULT segments_reserved_total=3257
.RESULT arm=large_cache_extended_off
RESULT elapsed_ns=338416900
RESULT large_cache_hits=1600
RESULT total_deallocs=4800
RESULT rss_after_kib=3144
RESULT commit_after_kib=34400
RESULT segments_reserved_total=3257
.RESULT arm=large_cache_extended_on
RESULT elapsed_ns=933800
RESULT large_cache_hits=4800
RESULT total_deallocs=4800
RESULT rss_after_kib=3268
RESULT commit_after_kib=100064
RESULT segments_reserved_total=25
.RESULT arm=large_cache_extended_on
RESULT elapsed_ns=919700
RESULT large_cache_hits=4800
RESULT total_deallocs=4800
RESULT rss_after_kib=3272
RESULT commit_after_kib=100064
RESULT segments_reserved_total=25
.RESULT arm=large_cache_extended_off
RESULT elapsed_ns=329509300
RESULT large_cache_hits=1600
RESULT total_deallocs=4800
RESULT rss_after_kib=3136
RESULT commit_after_kib=34396
RESULT segments_reserved_total=3257
.RESULT arm=large_cache_extended_off
RESULT elapsed_ns=338542500
RESULT large_cache_hits=1600
RESULT total_deallocs=4800
RESULT rss_after_kib=3136
RESULT commit_after_kib=34392
RESULT segments_reserved_total=3257
.RESULT arm=large_cache_extended_on
RESULT elapsed_ns=936500
RESULT large_cache_hits=4800
RESULT total_deallocs=4800
RESULT rss_after_kib=3268
RESULT commit_after_kib=100060
RESULT segments_reserved_total=25
.RESULT arm=large_cache_extended_on
RESULT elapsed_ns=1113500
RESULT large_cache_hits=4800
RESULT total_deallocs=4800
RESULT rss_after_kib=3268
RESULT commit_after_kib=100072
RESULT segments_reserved_total=25
.RESULT arm=large_cache_extended_off
RESULT elapsed_ns=341257000
RESULT large_cache_hits=1600
RESULT total_deallocs=4800
RESULT rss_after_kib=3136
RESULT commit_after_kib=34396
RESULT segments_reserved_total=3257
.RESULT arm=large_cache_extended_off
RESULT elapsed_ns=342333500
RESULT large_cache_hits=1600
RESULT total_deallocs=4800
RESULT rss_after_kib=3136
RESULT commit_after_kib=34392
RESULT segments_reserved_total=3257
.RESULT arm=large_cache_extended_on
RESULT elapsed_ns=879600
RESULT large_cache_hits=4800
RESULT total_deallocs=4800
RESULT rss_after_kib=3288
RESULT commit_after_kib=100076
RESULT segments_reserved_total=25
.RESULT arm=large_cache_extended_on
RESULT elapsed_ns=837300
RESULT large_cache_hits=4800
RESULT total_deallocs=4800
RESULT rss_after_kib=3268
RESULT commit_after_kib=100068
RESULT segments_reserved_total=25
.RESULT arm=large_cache_extended_off
RESULT elapsed_ns=348404400
RESULT large_cache_hits=1600
RESULT total_deallocs=4800
RESULT rss_after_kib=3136
RESULT commit_after_kib=34396
RESULT segments_reserved_total=3257
.RESULT arm=large_cache_extended_off
RESULT elapsed_ns=338283800
RESULT large_cache_hits=1600
RESULT total_deallocs=4800
RESULT rss_after_kib=3136
RESULT commit_after_kib=34392
RESULT segments_reserved_total=3257
.RESULT arm=large_cache_extended_on
RESULT elapsed_ns=1060300
RESULT large_cache_hits=4800
RESULT total_deallocs=4800
RESULT rss_after_kib=3268
RESULT commit_after_kib=100068
RESULT segments_reserved_total=25
.RESULT arm=large_cache_extended_on
RESULT elapsed_ns=883300
RESULT large_cache_hits=4800
RESULT total_deallocs=4800
RESULT rss_after_kib=3268
RESULT commit_after_kib=100064
RESULT segments_reserved_total=25
.RESULT arm=large_cache_extended_off
RESULT elapsed_ns=336425200
RESULT large_cache_hits=1600
RESULT total_deallocs=4800
RESULT rss_after_kib=3144
RESULT commit_after_kib=34408
RESULT segments_reserved_total=3257
.RESULT arm=large_cache_extended_off
RESULT elapsed_ns=332016900
RESULT large_cache_hits=1600
RESULT total_deallocs=4800
RESULT rss_after_kib=3144
RESULT commit_after_kib=34400
RESULT segments_reserved_total=3257
.RESULT arm=large_cache_extended_on
RESULT elapsed_ns=1094300
RESULT large_cache_hits=4800
RESULT total_deallocs=4800
RESULT rss_after_kib=3268
RESULT commit_after_kib=100068
RESULT segments_reserved_total=25
.RESULT arm=large_cache_extended_on
RESULT elapsed_ns=1109000
RESULT large_cache_hits=4800
RESULT total_deallocs=4800
RESULT rss_after_kib=3268
RESULT commit_after_kib=100060
RESULT segments_reserved_total=25
.RESULT arm=large_cache_extended_off
RESULT elapsed_ns=340159600
RESULT large_cache_hits=1600
RESULT total_deallocs=4800
RESULT rss_after_kib=3144
RESULT commit_after_kib=34408
RESULT segments_reserved_total=3257
.RESULT arm=large_cache_extended_off
RESULT elapsed_ns=348198300
RESULT large_cache_hits=1600
RESULT total_deallocs=4800
RESULT rss_after_kib=3136
RESULT commit_after_kib=34396
RESULT segments_reserved_total=3257
.RESULT arm=large_cache_extended_on
RESULT elapsed_ns=1031500
RESULT large_cache_hits=4800
RESULT total_deallocs=4800
RESULT rss_after_kib=3268
RESULT commit_after_kib=100064
RESULT segments_reserved_total=25
.RESULT arm=large_cache_extended_on
RESULT elapsed_ns=846700
RESULT large_cache_hits=4800
RESULT total_deallocs=4800
RESULT rss_after_kib=3268
RESULT commit_after_kib=100068
RESULT segments_reserved_total=25
.RESULT arm=large_cache_extended_off
RESULT elapsed_ns=338291000
RESULT large_cache_hits=1600
RESULT total_deallocs=4800
RESULT rss_after_kib=3136
RESULT commit_after_kib=34396
RESULT segments_reserved_total=3257
.

  === off vs on (A - B, ns) ===
  n=15  mean Δ=342.077 ms  sd=6.768 ms  se=1.747 ms  t=195.759  df=14  crit(p<0.05)=2.160  => REAL (rejects null)
  sign test: off-faster=0/15  on-faster=15/15  ties=0

[paired-ab] provenance written to D:\dev\rust\sefer-alloc/docs/perf/paired_ab_runs/2026-07-23T14-00-48-940Z.json

[paired-ab] Reading this output: `t` past `crit` (or sign test heavily lopsided, e.g. 17+/20) means a REAL,
  non-noise wall-clock difference on THIS host for THIS workload — mirroring
  docs/perf/R5_R2_CHURN_REGRESSION_PAIRED_AB.md's verdict criteria. A same-vs-same control run
  (--arms sefer,sefer) should show t well under `crit` and a roughly even sign-test split --
  if it does not, that indicates a harness bug (non-reproducible workload, background load
  bleeding into the timed region), not a real self-difference.
