[paired-ab] --config has no "build" step; assuming arm commands are already built.

[paired-ab] off vs off — 8 pairs, A/B/B/A protocol
RESULT arm=large_cache_extended_off
RESULT elapsed_ns=339432000
RESULT large_cache_hits=1600
RESULT total_deallocs=4800
RESULT rss_after_kib=3136
RESULT commit_after_kib=34396
RESULT segments_reserved_total=3257
.RESULT arm=large_cache_extended_off
RESULT elapsed_ns=334075400
RESULT large_cache_hits=1600
RESULT total_deallocs=4800
RESULT rss_after_kib=3144
RESULT commit_after_kib=34400
RESULT segments_reserved_total=3257
.RESULT arm=large_cache_extended_off
RESULT elapsed_ns=337319500
RESULT large_cache_hits=1600
RESULT total_deallocs=4800
RESULT rss_after_kib=3144
RESULT commit_after_kib=34396
RESULT segments_reserved_total=3257
.RESULT arm=large_cache_extended_off
RESULT elapsed_ns=331360200
RESULT large_cache_hits=1600
RESULT total_deallocs=4800
RESULT rss_after_kib=3136
RESULT commit_after_kib=34392
RESULT segments_reserved_total=3257
.RESULT arm=large_cache_extended_off
RESULT elapsed_ns=331399800
RESULT large_cache_hits=1600
RESULT total_deallocs=4800
RESULT rss_after_kib=3136
RESULT commit_after_kib=34400
RESULT segments_reserved_total=3257
.RESULT arm=large_cache_extended_off
RESULT elapsed_ns=328491700
RESULT large_cache_hits=1600
RESULT total_deallocs=4800
RESULT rss_after_kib=3136
RESULT commit_after_kib=34392
RESULT segments_reserved_total=3257
.RESULT arm=large_cache_extended_off
RESULT elapsed_ns=332104900
RESULT large_cache_hits=1600
RESULT total_deallocs=4800
RESULT rss_after_kib=3132
RESULT commit_after_kib=34396
RESULT segments_reserved_total=3257
.RESULT arm=large_cache_extended_off
RESULT elapsed_ns=350050600
RESULT large_cache_hits=1600
RESULT total_deallocs=4800
RESULT rss_after_kib=3136
RESULT commit_after_kib=34400
RESULT segments_reserved_total=3257
.RESULT arm=large_cache_extended_off
RESULT elapsed_ns=354878400
RESULT large_cache_hits=1600
RESULT total_deallocs=4800
RESULT rss_after_kib=3144
RESULT commit_after_kib=34396
RESULT segments_reserved_total=3257
.RESULT arm=large_cache_extended_off
RESULT elapsed_ns=348624300
RESULT large_cache_hits=1600
RESULT total_deallocs=4800
RESULT rss_after_kib=3136
RESULT commit_after_kib=34392
RESULT segments_reserved_total=3257
.RESULT arm=large_cache_extended_off
RESULT elapsed_ns=350086900
RESULT large_cache_hits=1600
RESULT total_deallocs=4800
RESULT rss_after_kib=3132
RESULT commit_after_kib=34388
RESULT segments_reserved_total=3257
.RESULT arm=large_cache_extended_off
RESULT elapsed_ns=335640900
RESULT large_cache_hits=1600
RESULT total_deallocs=4800
RESULT rss_after_kib=3136
RESULT commit_after_kib=34404
RESULT segments_reserved_total=3257
.RESULT arm=large_cache_extended_off
RESULT elapsed_ns=341874800
RESULT large_cache_hits=1600
RESULT total_deallocs=4800
RESULT rss_after_kib=3136
RESULT commit_after_kib=34388
RESULT segments_reserved_total=3257
.RESULT arm=large_cache_extended_off
RESULT elapsed_ns=330026600
RESULT large_cache_hits=1600
RESULT total_deallocs=4800
RESULT rss_after_kib=3136
RESULT commit_after_kib=34396
RESULT segments_reserved_total=3257
.RESULT arm=large_cache_extended_off
RESULT elapsed_ns=344698400
RESULT large_cache_hits=1600
RESULT total_deallocs=4800
RESULT rss_after_kib=3120
RESULT commit_after_kib=34356
RESULT segments_reserved_total=3257
.RESULT arm=large_cache_extended_off
RESULT elapsed_ns=329746800
RESULT large_cache_hits=1600
RESULT total_deallocs=4800
RESULT rss_after_kib=3136
RESULT commit_after_kib=34392
RESULT segments_reserved_total=3257
.RESULT arm=large_cache_extended_off
RESULT elapsed_ns=326700500
RESULT large_cache_hits=1600
RESULT total_deallocs=4800
RESULT rss_after_kib=3156
RESULT commit_after_kib=34416
RESULT segments_reserved_total=3257
.RESULT arm=large_cache_extended_off
RESULT elapsed_ns=341009400
RESULT large_cache_hits=1600
RESULT total_deallocs=4800
RESULT rss_after_kib=3136
RESULT commit_after_kib=34392
RESULT segments_reserved_total=3257
.RESULT arm=large_cache_extended_off
RESULT elapsed_ns=337941500
RESULT large_cache_hits=1600
RESULT total_deallocs=4800
RESULT rss_after_kib=3136
RESULT commit_after_kib=34392
RESULT segments_reserved_total=3257
.RESULT arm=large_cache_extended_off
RESULT elapsed_ns=336060700
RESULT large_cache_hits=1600
RESULT total_deallocs=4800
RESULT rss_after_kib=3144
RESULT commit_after_kib=34400
RESULT segments_reserved_total=3257
.RESULT arm=large_cache_extended_off
RESULT elapsed_ns=333781200
RESULT large_cache_hits=1600
RESULT total_deallocs=4800
RESULT rss_after_kib=3136
RESULT commit_after_kib=34392
RESULT segments_reserved_total=3257
.RESULT arm=large_cache_extended_off
RESULT elapsed_ns=333167000
RESULT large_cache_hits=1600
RESULT total_deallocs=4800
RESULT rss_after_kib=3136
RESULT commit_after_kib=34392
RESULT segments_reserved_total=3257
.RESULT arm=large_cache_extended_off
RESULT elapsed_ns=340599900
RESULT large_cache_hits=1600
RESULT total_deallocs=4800
RESULT rss_after_kib=3144
RESULT commit_after_kib=34396
RESULT segments_reserved_total=3257
.RESULT arm=large_cache_extended_off
RESULT elapsed_ns=330275800
RESULT large_cache_hits=1600
RESULT total_deallocs=4800
RESULT rss_after_kib=3136
RESULT commit_after_kib=34400
RESULT segments_reserved_total=3257
.RESULT arm=large_cache_extended_off
RESULT elapsed_ns=322696600
RESULT large_cache_hits=1600
RESULT total_deallocs=4800
RESULT rss_after_kib=3136
RESULT commit_after_kib=34392
RESULT segments_reserved_total=3257
.RESULT arm=large_cache_extended_off
RESULT elapsed_ns=331926500
RESULT large_cache_hits=1600
RESULT total_deallocs=4800
RESULT rss_after_kib=3136
RESULT commit_after_kib=34400
RESULT segments_reserved_total=3257
.RESULT arm=large_cache_extended_off
RESULT elapsed_ns=355313300
RESULT large_cache_hits=1600
RESULT total_deallocs=4800
RESULT rss_after_kib=3136
RESULT commit_after_kib=34400
RESULT segments_reserved_total=3257
.RESULT arm=large_cache_extended_off
RESULT elapsed_ns=335800000
RESULT large_cache_hits=1600
RESULT total_deallocs=4800
RESULT rss_after_kib=3144
RESULT commit_after_kib=34404
RESULT segments_reserved_total=3257
.RESULT arm=large_cache_extended_off
RESULT elapsed_ns=348603600
RESULT large_cache_hits=1600
RESULT total_deallocs=4800
RESULT rss_after_kib=3140
RESULT commit_after_kib=34396
RESULT segments_reserved_total=3257
.RESULT arm=large_cache_extended_off
RESULT elapsed_ns=348269400
RESULT large_cache_hits=1600
RESULT total_deallocs=4800
RESULT rss_after_kib=3144
RESULT commit_after_kib=34408
RESULT segments_reserved_total=3257
.RESULT arm=large_cache_extended_off
RESULT elapsed_ns=342999800
RESULT large_cache_hits=1600
RESULT total_deallocs=4800
RESULT rss_after_kib=3136
RESULT commit_after_kib=34392
RESULT segments_reserved_total=3257
.RESULT arm=large_cache_extended_off
RESULT elapsed_ns=338675800
RESULT large_cache_hits=1600
RESULT total_deallocs=4800
RESULT rss_after_kib=3136
RESULT commit_after_kib=34396
RESULT segments_reserved_total=3257
.

  === off(A-slot) vs off(B-slot) (A - B, ns)  [SAME-VS-SAME CONTROL] ===
  n=8  mean Δ=-3.105 ms  sd=7.076 ms  se=2.502 ms  t=-1.241  df=7  crit(p<0.05)=2.447  => NOT statistically distinguishable from noise (fails to reject null)
  sign test: off(A-slot)-faster=7/8  off(B-slot)-faster=1/8  ties=0

[paired-ab] provenance written to D:\dev\rust\sefer-alloc/docs/perf/paired_ab_runs/2026-07-23T14-01-11-554Z.json

[paired-ab] Reading this output: `t` past `crit` (or sign test heavily lopsided, e.g. 17+/20) means a REAL,
  non-noise wall-clock difference on THIS host for THIS workload — mirroring
  docs/perf/R5_R2_CHURN_REGRESSION_PAIRED_AB.md's verdict criteria. A same-vs-same control run
  (--arms sefer,sefer) should show t well under `crit` and a roughly even sign-test split --
  if it does not, that indicates a harness bug (non-reproducible workload, background load
  bleeding into the timed region), not a real self-difference.
