   Compiling proc-macro2 v1.0.106
   Compiling unicode-ident v1.0.24
   Compiling quote v1.0.46
   Compiling cfg-if v1.0.4
   Compiling windows-link v0.2.1
   Compiling zerocopy v0.8.52
   Compiling getrandom v0.3.4
   Compiling autocfg v1.5.1
   Compiling crossbeam-utils v0.8.21
   Compiling serde_core v1.0.228
   Compiling getrandom v0.4.3
   Compiling serde v1.0.228
   Compiling version_check v0.9.5
   Compiling shlex v2.0.1
   Compiling find-msvc-tools v0.1.9
   Compiling once_cell v1.21.4
   Compiling windows-sys v0.61.2
   Compiling regex-syntax v0.8.11
   Compiling zmij v1.0.21
   Compiling fastrand v2.4.1
   Compiling either v1.16.0
   Compiling serde_json v1.0.150
   Compiling rayon-core v1.13.0
   Compiling memchr v2.8.2
   Compiling slotmap v1.1.1
   Compiling num-traits v0.2.19
   Compiling itoa v1.0.18
   Compiling rand_core v0.9.5
   Compiling fnv v1.0.7
   Compiling bit-vec v0.8.0
   Compiling quick-error v1.2.3
   Compiling wait-timeout v0.2.1
   Compiling cc v1.2.65
   Compiling clap_lex v1.1.0
   Compiling plotters-backend v0.3.7
   Compiling anstyle v1.0.14
   Compiling ciborium-io v0.2.2
   Compiling itertools v0.10.5
   Compiling rand_xorshift v0.4.0
   Compiling rand v0.9.4
   Compiling bit-set v0.8.0
   Compiling crossbeam-epoch v0.9.18
   Compiling bitflags v2.13.0
   Compiling plotters-svg v0.3.7
   Compiling cast v0.3.0
   Compiling clap_builder v4.6.0
   Compiling unarray v0.1.4
   Compiling size-classes v0.1.0 (D:\dev\rust\sefer-alloc-r15-1-before\crates\size-classes)
   Compiling aligned-vmem v0.2.0 (D:\dev\rust\sefer-alloc-r15-1-before\crates\vmem)
   Compiling tagged-index-stack v0.1.0 (D:\dev\rust\sefer-alloc-r15-1-before\crates\tagged-index-stack)
   Compiling oorandom v11.1.5
   Compiling crossbeam-deque v0.8.6
   Compiling tempfile v3.27.0
   Compiling winapi-util v0.1.11
   Compiling sefer-region v0.1.0 (D:\dev\rust\sefer-alloc-r15-1-before\crates\region)
   Compiling is-terminal v0.4.17
   Compiling pin-project-lite v0.2.17
   Compiling anes v0.1.6
   Compiling racy-ptr-cell v0.1.0 (D:\dev\rust\sefer-alloc-r15-1-before\crates\racy-ptr-cell)
   Compiling libmimalloc-sys v0.1.49
   Compiling proc-memstat v0.1.0 (D:\dev\rust\sefer-alloc-r15-1-before\crates\proc-memstat)
   Compiling plotters v0.3.7
   Compiling malloc-bench-rs v0.1.0 (D:\dev\rust\sefer-alloc-r15-1-before\crates\malloc-bench)
   Compiling same-file v1.0.6
   Compiling syn v2.0.118
   Compiling sefer-alloc v0.3.0 (D:\dev\rust\sefer-alloc-r15-1-before)
   Compiling proc-probe v0.1.0 (D:\dev\rust\sefer-alloc-r15-1-before\crates\proc-probe)
   Compiling walkdir v2.5.0
   Compiling rusty-fork v0.3.1
   Compiling criterion-plot v0.5.0
   Compiling rayon v1.12.0
   Compiling mimalloc v0.1.52
   Compiling zerocopy-derive v0.8.52
   Compiling serde_derive v1.0.228
   Compiling tokio-macros v2.7.0
   Compiling tokio v1.52.3
   Compiling regex-automata v0.4.14
   Compiling clap v4.6.1
   Compiling tinytemplate v1.2.1
   Compiling half v2.7.1
   Compiling ppv-lite86 v0.2.21
   Compiling regex v1.12.4
   Compiling ciborium-ll v0.2.2
   Compiling rand_chacha v0.9.0
   Compiling ciborium v0.2.2
   Compiling proptest v1.11.0
   Compiling criterion v0.5.1
   Compiling globalalloc-model v0.1.0 (D:\dev\rust\sefer-alloc-r15-1-before\crates\globalalloc-model)
    Finished `release` profile [optimized] target(s) in 1m 31s
     Running `target\release\examples\r13_9_class_aware_dirty_sidecar_rss.exe`
=== R13-9 class-aware-dirty sidecar RSS measurement ===
PER_CLASS_DIRTY_WORDS (computed): SMALL_CLASS_COUNT=49 * WORDS_PER_CLASS=16
raw size_of::<PerClassDirty>(): 6272 bytes (6.12 KiB)
page-rounded (leak_zeroed_pages) footprint per materialised heap: 8192 bytes (8.00 KiB, 2 page(s))

N=4   heaps  RSS before=   3344.00 KiB  after=   3604.00 KiB  delta=  260.00 KiB  (65.00 KiB/heap)  [sidecar-only floor: 32.00 KiB]
N=8   heaps  RSS before=   3604.00 KiB  after=   3812.00 KiB  delta=  208.00 KiB  (26.00 KiB/heap)  [sidecar-only floor: 64.00 KiB]
N=16  heaps  RSS before=   3812.00 KiB  after=   4232.00 KiB  delta=  420.00 KiB  (26.25 KiB/heap)  [sidecar-only floor: 128.00 KiB]

NOTE: the sidecar itself (`RacyPtrCell<PerClassDirty>` -> `leak_zeroed_pages`) is never freed once materialised (process-lifetime leak by design, same discipline as `segment_directory`'s and `HeapOverflow`'s sidecars) -- so RSS deltas across successive N arms in THIS process are NOT simply additive/comparable to a fresh-process run of each N in isolation. Each arm's per-heap KiB figure is the reliable number; cross-arm process-level accumulation is a secondary, expected artifact of slot reuse, not a leak bug.
