[paired-ab] --config has no "build" step; assuming arm commands are already built.

[paired-ab] off vs off — 10 pairs, A/B/B/A protocol
RESULT arm=class_aware_dirty_off
RESULT elapsed_ns=50404400
RESULT window_ns=43751100
RESULT owner_allocs=800
RESULT segments_reserved_total=181
.RESULT arm=class_aware_dirty_off
RESULT elapsed_ns=52184500
RESULT window_ns=46328900
RESULT owner_allocs=800
RESULT segments_reserved_total=179
.RESULT arm=class_aware_dirty_off
RESULT elapsed_ns=49682200
RESULT window_ns=44022200
RESULT owner_allocs=800
RESULT segments_reserved_total=178
.RESULT arm=class_aware_dirty_off
RESULT elapsed_ns=50716300
RESULT window_ns=45815200
RESULT owner_allocs=800
RESULT segments_reserved_total=183
.RESULT arm=class_aware_dirty_off
RESULT elapsed_ns=48002300
RESULT window_ns=42738200
RESULT owner_allocs=800
RESULT segments_reserved_total=178
.RESULT arm=class_aware_dirty_off
RESULT elapsed_ns=50811200
RESULT window_ns=44521500
RESULT owner_allocs=800
RESULT segments_reserved_total=180
.RESULT arm=class_aware_dirty_off
RESULT elapsed_ns=47646100
RESULT window_ns=41999600
RESULT owner_allocs=800
RESULT segments_reserved_total=178
.RESULT arm=class_aware_dirty_off
RESULT elapsed_ns=51659400
RESULT window_ns=45270900
RESULT owner_allocs=800
RESULT segments_reserved_total=179
.RESULT arm=class_aware_dirty_off
RESULT elapsed_ns=50285400
RESULT window_ns=44620800
RESULT owner_allocs=800
RESULT segments_reserved_total=178
.RESULT arm=class_aware_dirty_off
RESULT elapsed_ns=51500100
RESULT window_ns=45141100
RESULT owner_allocs=800
RESULT segments_reserved_total=181
.RESULT arm=class_aware_dirty_off
RESULT elapsed_ns=48456100
RESULT window_ns=42327800
RESULT owner_allocs=800
RESULT segments_reserved_total=179
.RESULT arm=class_aware_dirty_off
RESULT elapsed_ns=52879100
RESULT window_ns=47596900
RESULT owner_allocs=800
RESULT segments_reserved_total=179
.RESULT arm=class_aware_dirty_off
RESULT elapsed_ns=49478300
RESULT window_ns=43548800
RESULT owner_allocs=800
RESULT segments_reserved_total=179
.RESULT arm=class_aware_dirty_off
RESULT elapsed_ns=52649100
RESULT window_ns=47158100
RESULT owner_allocs=800
RESULT segments_reserved_total=181
.RESULT arm=class_aware_dirty_off
RESULT elapsed_ns=49558500
RESULT window_ns=44122100
RESULT owner_allocs=800
RESULT segments_reserved_total=178
.RESULT arm=class_aware_dirty_off
RESULT elapsed_ns=53164800
RESULT window_ns=47962700
RESULT owner_allocs=800
RESULT segments_reserved_total=179
.RESULT arm=class_aware_dirty_off
RESULT elapsed_ns=48247400
RESULT window_ns=43144800
RESULT owner_allocs=800
RESULT segments_reserved_total=180
.RESULT arm=class_aware_dirty_off
RESULT elapsed_ns=49426100
RESULT window_ns=43516800
RESULT owner_allocs=800
RESULT segments_reserved_total=179
.RESULT arm=class_aware_dirty_off
RESULT elapsed_ns=46302200
RESULT window_ns=40503400
RESULT owner_allocs=800
RESULT segments_reserved_total=180
.RESULT arm=class_aware_dirty_off
RESULT elapsed_ns=50942700
RESULT window_ns=44628900
RESULT owner_allocs=800
RESULT segments_reserved_total=178
.RESULT arm=class_aware_dirty_off
RESULT elapsed_ns=48068100
RESULT window_ns=42273300
RESULT owner_allocs=800
RESULT segments_reserved_total=178
.RESULT arm=class_aware_dirty_off
RESULT elapsed_ns=48764600
RESULT window_ns=43249700
RESULT owner_allocs=800
RESULT segments_reserved_total=179
.RESULT arm=class_aware_dirty_off
RESULT elapsed_ns=49644800
RESULT window_ns=44022000
RESULT owner_allocs=800
RESULT segments_reserved_total=180
.RESULT arm=class_aware_dirty_off
RESULT elapsed_ns=49003900
RESULT window_ns=43513400
RESULT owner_allocs=800
RESULT segments_reserved_total=179
.RESULT arm=class_aware_dirty_off
RESULT elapsed_ns=49304300
RESULT window_ns=43697000
RESULT owner_allocs=800
RESULT segments_reserved_total=180
.RESULT arm=class_aware_dirty_off
RESULT elapsed_ns=49738800
RESULT window_ns=43796600
RESULT owner_allocs=800
RESULT segments_reserved_total=182
.RESULT arm=class_aware_dirty_off
RESULT elapsed_ns=50697200
RESULT window_ns=44474900
RESULT owner_allocs=800
RESULT segments_reserved_total=179
.RESULT arm=class_aware_dirty_off
RESULT elapsed_ns=59302300
RESULT window_ns=53299500
RESULT owner_allocs=800
RESULT segments_reserved_total=179
.RESULT arm=class_aware_dirty_off
RESULT elapsed_ns=49991900
RESULT window_ns=45095400
RESULT owner_allocs=800
RESULT segments_reserved_total=179
.RESULT arm=class_aware_dirty_off
RESULT elapsed_ns=49150000
RESULT window_ns=43423300
RESULT owner_allocs=800
RESULT segments_reserved_total=180
.RESULT arm=class_aware_dirty_off
RESULT elapsed_ns=48457300
RESULT window_ns=43256200
RESULT owner_allocs=800
RESULT segments_reserved_total=178
.RESULT arm=class_aware_dirty_off
RESULT elapsed_ns=49149500
RESULT window_ns=43573400
RESULT owner_allocs=800
RESULT segments_reserved_total=181
.RESULT arm=class_aware_dirty_off
RESULT elapsed_ns=53086600
RESULT window_ns=46711700
RESULT owner_allocs=800
RESULT segments_reserved_total=178
.RESULT arm=class_aware_dirty_off
RESULT elapsed_ns=50096400
RESULT window_ns=44325100
RESULT owner_allocs=800
RESULT segments_reserved_total=179
.RESULT arm=class_aware_dirty_off
RESULT elapsed_ns=48412100
RESULT window_ns=43692300
RESULT owner_allocs=800
RESULT segments_reserved_total=180
.RESULT arm=class_aware_dirty_off
RESULT elapsed_ns=49591600
RESULT window_ns=42806000
RESULT owner_allocs=800
RESULT segments_reserved_total=179
.RESULT arm=class_aware_dirty_off
RESULT elapsed_ns=46317700
RESULT window_ns=41207600
RESULT owner_allocs=800
RESULT segments_reserved_total=179
.RESULT arm=class_aware_dirty_off
RESULT elapsed_ns=50529300
RESULT window_ns=44711600
RESULT owner_allocs=800
RESULT segments_reserved_total=178
.RESULT arm=class_aware_dirty_off
RESULT elapsed_ns=48120900
RESULT window_ns=42980300
RESULT owner_allocs=800
RESULT segments_reserved_total=179
.RESULT arm=class_aware_dirty_off
RESULT elapsed_ns=47193800
RESULT window_ns=41251500
RESULT owner_allocs=800
RESULT segments_reserved_total=178
.

  === off(A-slot) vs off(B-slot) (A - B, ns)  [SAME-VS-SAME CONTROL] ===
  n=10  mean Δ=748.115 us  sd=1.801 ms  se=569.552 us  t=1.314  df=9  crit(p<0.05)=2.306  => NOT statistically distinguishable from noise (fails to reject null)
  sign test: off(A-slot)-faster=3/10  off(B-slot)-faster=7/10  ties=0

[paired-ab] provenance written to D:\dev\rust\sefer-alloc/docs/perf/paired_ab_runs/2026-07-23T10-14-33-394Z.json

[paired-ab] Reading this output: `t` past `crit` (or sign test heavily lopsided, e.g. 17+/20) means a REAL,
  non-noise wall-clock difference on THIS host for THIS workload — mirroring
  docs/perf/R5_R2_CHURN_REGRESSION_PAIRED_AB.md's verdict criteria. A same-vs-same control run
  (--arms sefer,sefer) should show t well under `crit` and a roughly even sign-test split --
  if it does not, that indicates a harness bug (non-reproducible workload, background load
  bleeding into the timed region), not a real self-difference.
