[iai] wsl: /mnt/d/dev/rust/sefer-alloc
[iai] features: production exact-span-large large-reserved-capacity | target: /tmp/sefer-iai
[iai] filter: realloc_grow
iai_callgrind_runner: Error: No version information found for iai-callgrind but iai-callgrind-runner (0.14.2) is >= '0.3.0'. Please update iai-callgrind to '0.14.2' in your Cargo.toml file
__MISSING__
[iai] runner already installed: 0.14.2 (skip install)

[iai] running benches...

   Compiling proc-macro2 v1.0.106
   Compiling quote v1.0.46
   Compiling unicode-ident v1.0.24
   Compiling libc v0.2.186
   Compiling cfg-if v1.0.4
   Compiling serde_core v1.0.228
   Compiling zerocopy v0.8.52
   Compiling zmij v1.0.21
   Compiling serde v1.0.228
   Compiling getrandom v0.3.4
   Compiling serde_json v1.0.150
   Compiling autocfg v1.5.1
   Compiling crossbeam-utils v0.8.21
   Compiling rustix v1.1.4
   Compiling getrandom v0.4.3
   Compiling bitflags v2.13.0
   Compiling shlex v2.0.1
   Compiling once_cell v1.21.4
   Compiling num-traits v0.2.19
   Compiling find-msvc-tools v0.1.9
   Compiling version_check v0.9.5
   Compiling regex-syntax v0.8.11
   Compiling linux-raw-sys v0.12.1
   Compiling cc v1.2.65
   Compiling fastrand v2.4.1
   Compiling rayon-core v1.13.0
   Compiling either v1.16.0
   Compiling slotmap v1.1.1
   Compiling memchr v2.8.2
   Compiling iai-callgrind-runner v0.14.2
   Compiling plotters-backend v0.3.7
   Compiling quick-error v1.2.3
   Compiling ciborium-io v0.2.2
   Compiling bit-vec v0.8.0
   Compiling crossbeam-epoch v0.9.18
   Compiling fnv v1.0.7
   Compiling itoa v1.0.18
   Compiling anstyle v1.0.14
   Compiling syn v2.0.118
   Compiling proc-macro-error-attr2 v2.0.0
   Compiling crossbeam-deque v0.8.6
   Compiling clap_lex v1.1.0
   Compiling bit-set v0.8.0
   Compiling plotters-svg v0.3.7
   Compiling clap_builder v4.6.0
   Compiling itertools v0.10.5
   Compiling iai-callgrind v0.14.2
   Compiling unarray v0.1.4
   Compiling same-file v1.0.6
   Compiling cast v0.3.0
   Compiling walkdir v2.5.0
   Compiling plotters v0.3.7
   Compiling proc-memstat v0.1.0 (/mnt/d/dev/rust/sefer-alloc/crates/proc-memstat)
   Compiling racy-ptr-cell v0.1.0 (/mnt/d/dev/rust/sefer-alloc/crates/racy-ptr-cell)
   Compiling anes v0.1.6
   Compiling aligned-vmem v0.2.0 (/mnt/d/dev/rust/sefer-alloc/crates/vmem)
   Compiling wait-timeout v0.2.1
   Compiling sefer-region v0.1.0 (/mnt/d/dev/rust/sefer-alloc/crates/region)
   Compiling is-terminal v0.4.17
   Compiling rand_core v0.9.5
   Compiling rayon v1.12.0
   Compiling libmimalloc-sys v0.1.49
   Compiling oorandom v11.1.5
   Compiling size-classes v0.1.0 (/mnt/d/dev/rust/sefer-alloc/crates/size-classes)
   Compiling tagged-index-stack v0.1.0 (/mnt/d/dev/rust/sefer-alloc/crates/tagged-index-stack)
   Compiling rand v0.9.4
   Compiling rand_xorshift v0.4.0
   Compiling pin-project-lite v0.2.17
   Compiling sefer-alloc v0.3.0 (/mnt/d/dev/rust/sefer-alloc)
   Compiling proc-probe v0.1.0 (/mnt/d/dev/rust/sefer-alloc/crates/proc-probe)
   Compiling malloc-bench-rs v0.1.0 (/mnt/d/dev/rust/sefer-alloc/crates/malloc-bench)
   Compiling criterion-plot v0.5.0
   Compiling regex-automata v0.4.14
   Compiling tempfile v3.27.0
   Compiling rusty-fork v0.3.1
   Compiling clap v4.6.1
   Compiling proc-macro-error2 v2.0.1
   Compiling regex v1.12.4
   Compiling serde_derive v1.0.228
   Compiling zerocopy-derive v0.8.52
   Compiling derive_more-impl v2.1.1
   Compiling tokio-macros v2.7.0
   Compiling tokio v1.52.3
   Compiling derive_more v2.1.1
   Compiling mimalloc v0.1.52
   Compiling iai-callgrind-macros v0.5.1
   Compiling tinytemplate v1.2.1
   Compiling bincode v1.3.3
   Compiling ppv-lite86 v0.2.21
   Compiling half v2.7.1
   Compiling ciborium-ll v0.2.2
   Compiling rand_chacha v0.9.0
   Compiling ciborium v0.2.2
   Compiling proptest v1.11.0
   Compiling criterion v0.5.1
   Compiling globalalloc-model v0.1.0 (/mnt/d/dev/rust/sefer-alloc/crates/globalalloc-model)
    Finished `bench` profile [optimized] target(s) in 1m 43s
warning: the following packages contain code that will be rejected by a future version of Rust: proc-macro-error2 v2.0.1
note: to see what the problems were, use the option `--future-incompat-report`, or run `cargo report future-incompatibilities --id 1`
     Running benches/perf_gate_iai.rs (/tmp/sefer-iai/release/deps/perf_gate_iai-b49ad3f0f22d698f)
perf_gate_iai::perf_gate::small_churn_16b
  Instructions:                       28576|N/A                  (*********)
  L1 Hits:                            51186|N/A                  (*********)
  L2 Hits:                              141|N/A                  (*********)
  RAM Hits:                             765|N/A                  (*********)
  Total read+write:                   52092|N/A                  (*********)
  Estimated Cycles:                   78666|N/A                  (*********)
perf_gate_iai::perf_gate::aligned_churn_640b_a128
  Instructions:                       28512|N/A                  (*********)
  L1 Hits:                            51124|N/A                  (*********)
  L2 Hits:                              140|N/A                  (*********)
  RAM Hits:                             764|N/A                  (*********)
  Total read+write:                   52028|N/A                  (*********)
  Estimated Cycles:                   78564|N/A                  (*********)
perf_gate_iai::perf_gate::large_alloc_free_cycle
  Instructions:                       23843|N/A                  (*********)
  L1 Hits:                            45418|N/A                  (*********)
  L2 Hits:                              140|N/A                  (*********)
  RAM Hits:                             763|N/A                  (*********)
  Total read+write:                   46321|N/A                  (*********)
  Estimated Cycles:                   72823|N/A                  (*********)
perf_gate_iai::perf_gate::realloc_grow
  Instructions:                      398015|N/A                  (*********)
  L1 Hits:                           939377|N/A                  (*********)
  L2 Hits:                             3948|N/A                  (*********)
  RAM Hits:                           37889|N/A                  (*********)
  Total read+write:                  981214|N/A                  (*********)
  Estimated Cycles:                 2285232|N/A                  (*********)
perf_gate_iai::perf_gate::cold_alloc_free_256x16b
  Instructions:                       70674|N/A                  (*********)
  L1 Hits:                           102784|N/A                  (*********)
  L2 Hits:                              151|N/A                  (*********)
  RAM Hits:                             881|N/A                  (*********)
  Total read+write:                  103816|N/A                  (*********)
  Estimated Cycles:                  134374|N/A                  (*********)
perf_gate_iai::perf_gate::cold_alloc_free_256x64b
  Instructions:                       70674|N/A                  (*********)
  L1 Hits:                           102600|N/A                  (*********)
  L2 Hits:                              151|N/A                  (*********)
  RAM Hits:                            1065|N/A                  (*********)
  Total read+write:                  103816|N/A                  (*********)
  Estimated Cycles:                  140630|N/A                  (*********)
perf_gate_iai::perf_gate::recycle_alloc_free_256x16b
  Instructions:                      118808|N/A                  (*********)
  L1 Hits:                           161590|N/A                  (*********)
  L2 Hits:                               77|N/A                  (*********)
  RAM Hits:                             992|N/A                  (*********)
  Total read+write:                  162659|N/A                  (*********)
  Estimated Cycles:                  196695|N/A                  (*********)
perf_gate_iai::perf_gate::recycle_alloc_free_256x64b
  Instructions:                      118808|N/A                  (*********)
  L1 Hits:                           161395|N/A                  (*********)
  L2 Hits:                               77|N/A                  (*********)
  RAM Hits:                            1187|N/A                  (*********)
  Total read+write:                  162659|N/A                  (*********)
  Estimated Cycles:                  203325|N/A                  (*********)
perf_gate_iai::perf_gate::churn_256b
  Instructions:                       28576|N/A                  (*********)
  L1 Hits:                            51187|N/A                  (*********)
  L2 Hits:                              141|N/A                  (*********)
  RAM Hits:                             764|N/A                  (*********)
  Total read+write:                   52092|N/A                  (*********)
  Estimated Cycles:                   78632|N/A                  (*********)
perf_gate_iai::perf_gate::churn_write_256b
  Instructions:                       28832|N/A                  (*********)
  L1 Hits:                            51570|N/A                  (*********)
  L2 Hits:                              141|N/A                  (*********)
  RAM Hits:                             765|N/A                  (*********)
  Total read+write:                   52476|N/A                  (*********)
  Estimated Cycles:                   79050|N/A                  (*********)
perf_gate_iai::perf_gate::multiseg_cold_256k
  Instructions:                       46247|N/A                  (*********)
  L1 Hits:                            75473|N/A                  (*********)
  L2 Hits:                               63|N/A                  (*********)
  RAM Hits:                            1064|N/A                  (*********)
  Total read+write:                   76600|N/A                  (*********)
  Estimated Cycles:                  113028|N/A                  (*********)
perf_gate_iai::perf_gate::seg_cycle_decommit_256k
  Instructions:                       82297|N/A                  (*********)
  L1 Hits:                           123774|N/A                  (*********)
  L2 Hits:                              117|N/A                  (*********)
  RAM Hits:                            1065|N/A                  (*********)
  Total read+write:                  124956|N/A                  (*********)
  Estimated Cycles:                  161634|N/A                  (*********)

Iai-Callgrind result: Ok. 12 without regressions; 0 regressed; 12 benchmarks finished in 6.17304s

  bench                   Ir            L1            L2           RAM     EstCycles        Ir/op*
  ------------  ------------  ------------  ------------  ------------  ------------  ------------
  realloc_grow       398,015       939,377         3,948        37,889     2,285,232      23,385.8

  * Ir/op = (Ir − 23,843) / ops — marginal instruction count per
    operation, with the one-time process bootstrap subtracted (constant taken
    from large_alloc_free_cycle). Comparable across benches; the honest unit for
    per-op thresholds (review finding F2). "-" = bootstrap proxy / no op-count.

[iai] PASS — 1 bench(es) produced Ir
