[paired-ab] --config has no "build" step; assuming arm commands are already built.

[paired-ab] off vs on — 20 pairs, A/B/B/A protocol
RESULT arm=class_aware_dirty_off
RESULT elapsed_ns=64600200
RESULT window_ns=58366100
RESULT owner_allocs=800
RESULT segments_reserved_total=181
.RESULT arm=class_aware_dirty_on
RESULT elapsed_ns=64000100
RESULT window_ns=57817200
RESULT owner_allocs=800
RESULT segments_reserved_total=180
.RESULT arm=class_aware_dirty_on
RESULT elapsed_ns=55808300
RESULT window_ns=49572000
RESULT owner_allocs=800
RESULT segments_reserved_total=180
.RESULT arm=class_aware_dirty_off
RESULT elapsed_ns=55479900
RESULT window_ns=48898400
RESULT owner_allocs=800
RESULT segments_reserved_total=179
.RESULT arm=class_aware_dirty_off
RESULT elapsed_ns=54388000
RESULT window_ns=48291600
RESULT owner_allocs=800
RESULT segments_reserved_total=179
.RESULT arm=class_aware_dirty_on
RESULT elapsed_ns=53094600
RESULT window_ns=46793800
RESULT owner_allocs=800
RESULT segments_reserved_total=181
.RESULT arm=class_aware_dirty_on
RESULT elapsed_ns=58027000
RESULT window_ns=51327300
RESULT owner_allocs=800
RESULT segments_reserved_total=181
.RESULT arm=class_aware_dirty_off
RESULT elapsed_ns=55742900
RESULT window_ns=49493100
RESULT owner_allocs=800
RESULT segments_reserved_total=180
.RESULT arm=class_aware_dirty_off
RESULT elapsed_ns=58788000
RESULT window_ns=52600800
RESULT owner_allocs=800
RESULT segments_reserved_total=181
.RESULT arm=class_aware_dirty_on
RESULT elapsed_ns=58875700
RESULT window_ns=52381700
RESULT owner_allocs=800
RESULT segments_reserved_total=179
.RESULT arm=class_aware_dirty_on
RESULT elapsed_ns=57548200
RESULT window_ns=51111000
RESULT owner_allocs=800
RESULT segments_reserved_total=180
.RESULT arm=class_aware_dirty_off
RESULT elapsed_ns=58334700
RESULT window_ns=52057000
RESULT owner_allocs=800
RESULT segments_reserved_total=183
.RESULT arm=class_aware_dirty_off
RESULT elapsed_ns=59880100
RESULT window_ns=53085300
RESULT owner_allocs=800
RESULT segments_reserved_total=180
.RESULT arm=class_aware_dirty_on
RESULT elapsed_ns=53911900
RESULT window_ns=47109200
RESULT owner_allocs=800
RESULT segments_reserved_total=179
.RESULT arm=class_aware_dirty_on
RESULT elapsed_ns=58955300
RESULT window_ns=51971300
RESULT owner_allocs=800
RESULT segments_reserved_total=184
.RESULT arm=class_aware_dirty_off
RESULT elapsed_ns=62085700
RESULT window_ns=55839600
RESULT owner_allocs=800
RESULT segments_reserved_total=183
.RESULT arm=class_aware_dirty_off
RESULT elapsed_ns=56881000
RESULT window_ns=49295500
RESULT owner_allocs=800
RESULT segments_reserved_total=181
.RESULT arm=class_aware_dirty_on
RESULT elapsed_ns=71926700
RESULT window_ns=65709300
RESULT owner_allocs=800
RESULT segments_reserved_total=180
.RESULT arm=class_aware_dirty_on
RESULT elapsed_ns=70761700
RESULT window_ns=62001400
RESULT owner_allocs=800
RESULT segments_reserved_total=180
.RESULT arm=class_aware_dirty_off
RESULT elapsed_ns=67626700
RESULT window_ns=60041000
RESULT owner_allocs=800
RESULT segments_reserved_total=181
.RESULT arm=class_aware_dirty_off
RESULT elapsed_ns=71914800
RESULT window_ns=62850600
RESULT owner_allocs=800
RESULT segments_reserved_total=186
.RESULT arm=class_aware_dirty_on
RESULT elapsed_ns=60854800
RESULT window_ns=53746300
RESULT owner_allocs=800
RESULT segments_reserved_total=180
.RESULT arm=class_aware_dirty_on
RESULT elapsed_ns=68037300
RESULT window_ns=60360000
RESULT owner_allocs=800
RESULT segments_reserved_total=182
.RESULT arm=class_aware_dirty_off
RESULT elapsed_ns=70689200
RESULT window_ns=64305200
RESULT owner_allocs=800
RESULT segments_reserved_total=183
.RESULT arm=class_aware_dirty_off
RESULT elapsed_ns=65188800
RESULT window_ns=58395000
RESULT owner_allocs=800
RESULT segments_reserved_total=183
.RESULT arm=class_aware_dirty_on
RESULT elapsed_ns=71706900
RESULT window_ns=64427900
RESULT owner_allocs=800
RESULT segments_reserved_total=187
.RESULT arm=class_aware_dirty_on
RESULT elapsed_ns=60957800
RESULT window_ns=52753800
RESULT owner_allocs=800
RESULT segments_reserved_total=184
.RESULT arm=class_aware_dirty_off
RESULT elapsed_ns=57274300
RESULT window_ns=50971500
RESULT owner_allocs=800
RESULT segments_reserved_total=181
.RESULT arm=class_aware_dirty_off
RESULT elapsed_ns=56104500
RESULT window_ns=50000500
RESULT owner_allocs=800
RESULT segments_reserved_total=179
.RESULT arm=class_aware_dirty_on
RESULT elapsed_ns=62379400
RESULT window_ns=55880100
RESULT owner_allocs=800
RESULT segments_reserved_total=179
.RESULT arm=class_aware_dirty_on
RESULT elapsed_ns=60434600
RESULT window_ns=54284700
RESULT owner_allocs=800
RESULT segments_reserved_total=180
.RESULT arm=class_aware_dirty_off
RESULT elapsed_ns=13310400
RESULT window_ns=6455400
RESULT owner_allocs=3089
RESULT segments_reserved_total=179
.RESULT arm=class_aware_dirty_off
RESULT elapsed_ns=55743300
RESULT window_ns=49386100
RESULT owner_allocs=800
RESULT segments_reserved_total=180
.RESULT arm=class_aware_dirty_on
RESULT elapsed_ns=55872100
RESULT window_ns=49527700
RESULT owner_allocs=800
RESULT segments_reserved_total=178
.RESULT arm=class_aware_dirty_on
RESULT elapsed_ns=61300000
RESULT window_ns=53598900
RESULT owner_allocs=800
RESULT segments_reserved_total=183
.RESULT arm=class_aware_dirty_off
RESULT elapsed_ns=60383100
RESULT window_ns=53421800
RESULT owner_allocs=800
RESULT segments_reserved_total=183
.RESULT arm=class_aware_dirty_off
RESULT elapsed_ns=53871500
RESULT window_ns=47516600
RESULT owner_allocs=800
RESULT segments_reserved_total=179
.RESULT arm=class_aware_dirty_on
RESULT elapsed_ns=55307100
RESULT window_ns=48688400
RESULT owner_allocs=800
RESULT segments_reserved_total=179
.RESULT arm=class_aware_dirty_on
RESULT elapsed_ns=88104000
RESULT window_ns=81261900
RESULT owner_allocs=800
RESULT segments_reserved_total=183
.RESULT arm=class_aware_dirty_off
RESULT elapsed_ns=27567800
RESULT window_ns=21167400
RESULT owner_allocs=52591
RESULT segments_reserved_total=179
.RESULT arm=class_aware_dirty_off
RESULT elapsed_ns=63296100
RESULT window_ns=55334900
RESULT owner_allocs=800
RESULT segments_reserved_total=179
.RESULT arm=class_aware_dirty_on
RESULT elapsed_ns=59564600
RESULT window_ns=52511600
RESULT owner_allocs=800
RESULT segments_reserved_total=180
.RESULT arm=class_aware_dirty_on
RESULT elapsed_ns=60097100
RESULT window_ns=53070400
RESULT owner_allocs=800
RESULT segments_reserved_total=183
.RESULT arm=class_aware_dirty_off
RESULT elapsed_ns=65179700
RESULT window_ns=57613100
RESULT owner_allocs=800
RESULT segments_reserved_total=186
.RESULT arm=class_aware_dirty_off
RESULT elapsed_ns=55278500
RESULT window_ns=49276300
RESULT owner_allocs=800
RESULT segments_reserved_total=179
.RESULT arm=class_aware_dirty_on
RESULT elapsed_ns=57829100
RESULT window_ns=51028500
RESULT owner_allocs=800
RESULT segments_reserved_total=180
.RESULT arm=class_aware_dirty_on
RESULT elapsed_ns=60277000
RESULT window_ns=53928400
RESULT owner_allocs=800
RESULT segments_reserved_total=184
.RESULT arm=class_aware_dirty_off
RESULT elapsed_ns=57942400
RESULT window_ns=51795100
RESULT owner_allocs=800
RESULT segments_reserved_total=181
.RESULT arm=class_aware_dirty_off
RESULT elapsed_ns=65102400
RESULT window_ns=58685800
RESULT owner_allocs=800
RESULT segments_reserved_total=187
.RESULT arm=class_aware_dirty_on
RESULT elapsed_ns=61375300
RESULT window_ns=55038600
RESULT owner_allocs=800
RESULT segments_reserved_total=179
.RESULT arm=class_aware_dirty_on
RESULT elapsed_ns=66490300
RESULT window_ns=60201900
RESULT owner_allocs=800
RESULT segments_reserved_total=184
.RESULT arm=class_aware_dirty_off
RESULT elapsed_ns=54449900
RESULT window_ns=48023700
RESULT owner_allocs=800
RESULT segments_reserved_total=179
.RESULT arm=class_aware_dirty_off
RESULT elapsed_ns=56723700
RESULT window_ns=50345700
RESULT owner_allocs=800
RESULT segments_reserved_total=184
.RESULT arm=class_aware_dirty_on
RESULT elapsed_ns=57791600
RESULT window_ns=51300600
RESULT owner_allocs=800
RESULT segments_reserved_total=179
.RESULT arm=class_aware_dirty_on
RESULT elapsed_ns=61113500
RESULT window_ns=54737700
RESULT owner_allocs=800
RESULT segments_reserved_total=179
.RESULT arm=class_aware_dirty_off
RESULT elapsed_ns=63306500
RESULT window_ns=56532600
RESULT owner_allocs=800
RESULT segments_reserved_total=180
.RESULT arm=class_aware_dirty_off
RESULT elapsed_ns=60917500
RESULT window_ns=55013500
RESULT owner_allocs=800
RESULT segments_reserved_total=180
.RESULT arm=class_aware_dirty_on
RESULT elapsed_ns=61471300
RESULT window_ns=55336700
RESULT owner_allocs=800
RESULT segments_reserved_total=180
.RESULT arm=class_aware_dirty_on
RESULT elapsed_ns=57032700
RESULT window_ns=50664900
RESULT owner_allocs=800
RESULT segments_reserved_total=181
.RESULT arm=class_aware_dirty_off
RESULT elapsed_ns=64931800
RESULT window_ns=58271000
RESULT owner_allocs=800
RESULT segments_reserved_total=181
.RESULT arm=class_aware_dirty_off
RESULT elapsed_ns=64733400
RESULT window_ns=57617200
RESULT owner_allocs=800
RESULT segments_reserved_total=183
.RESULT arm=class_aware_dirty_on
RESULT elapsed_ns=66814800
RESULT window_ns=60090300
RESULT owner_allocs=800
RESULT segments_reserved_total=184
.RESULT arm=class_aware_dirty_on
RESULT elapsed_ns=68694700
RESULT window_ns=60872100
RESULT owner_allocs=993
RESULT segments_reserved_total=184
.RESULT arm=class_aware_dirty_off
RESULT elapsed_ns=67088100
RESULT window_ns=60912700
RESULT owner_allocs=800
RESULT segments_reserved_total=181
.RESULT arm=class_aware_dirty_off
RESULT elapsed_ns=13887800
RESULT window_ns=7010500
RESULT owner_allocs=800
RESULT segments_reserved_total=177
.RESULT arm=class_aware_dirty_on
RESULT elapsed_ns=60050300
RESULT window_ns=53707600
RESULT owner_allocs=800
RESULT segments_reserved_total=179
.RESULT arm=class_aware_dirty_on
RESULT elapsed_ns=62787400
RESULT window_ns=56224400
RESULT owner_allocs=800
RESULT segments_reserved_total=178
.RESULT arm=class_aware_dirty_off
RESULT elapsed_ns=59240600
RESULT window_ns=52991400
RESULT owner_allocs=800
RESULT segments_reserved_total=181
.RESULT arm=class_aware_dirty_off
RESULT elapsed_ns=57168900
RESULT window_ns=50880200
RESULT owner_allocs=800
RESULT segments_reserved_total=186
.RESULT arm=class_aware_dirty_on
RESULT elapsed_ns=66587900
RESULT window_ns=60348000
RESULT owner_allocs=800
RESULT segments_reserved_total=179
.RESULT arm=class_aware_dirty_on
RESULT elapsed_ns=59914300
RESULT window_ns=53679500
RESULT owner_allocs=800
RESULT segments_reserved_total=180
.RESULT arm=class_aware_dirty_off
RESULT elapsed_ns=56264700
RESULT window_ns=48796000
RESULT owner_allocs=800
RESULT segments_reserved_total=180
.RESULT arm=class_aware_dirty_off
RESULT elapsed_ns=63919900
RESULT window_ns=57816800
RESULT owner_allocs=800
RESULT segments_reserved_total=183
.RESULT arm=class_aware_dirty_on
RESULT elapsed_ns=66969300
RESULT window_ns=60576600
RESULT owner_allocs=800
RESULT segments_reserved_total=181
.RESULT arm=class_aware_dirty_on
RESULT elapsed_ns=59803400
RESULT window_ns=53274600
RESULT owner_allocs=925
RESULT segments_reserved_total=181
.RESULT arm=class_aware_dirty_off
RESULT elapsed_ns=59356400
RESULT window_ns=52925500
RESULT owner_allocs=800
RESULT segments_reserved_total=183
.RESULT arm=class_aware_dirty_off
RESULT elapsed_ns=60606900
RESULT window_ns=54405600
RESULT owner_allocs=800
RESULT segments_reserved_total=182
.RESULT arm=class_aware_dirty_on
RESULT elapsed_ns=69137500
RESULT window_ns=62662600
RESULT owner_allocs=800
RESULT segments_reserved_total=184
.RESULT arm=class_aware_dirty_on
RESULT elapsed_ns=66222900
RESULT window_ns=59973700
RESULT owner_allocs=800
RESULT segments_reserved_total=185
.RESULT arm=class_aware_dirty_off
RESULT elapsed_ns=59977700
RESULT window_ns=53902000
RESULT owner_allocs=800
RESULT segments_reserved_total=187
.

  === off vs on (A - B, ns) ===
  n=20  mean Δ=-5.067 ms  sd=10.550 ms  se=2.359 ms  t=-2.148  df=19  crit(p<0.05)=2.101  => REAL (rejects null)
  sign test: off-faster=13/20  on-faster=7/20  ties=0

[paired-ab] provenance written to D:\dev\rust\sefer-alloc/docs/perf/paired_ab_runs/2026-07-23T10-11-59-886Z.json

[paired-ab] Reading this output: `t` past `crit` (or sign test heavily lopsided, e.g. 17+/20) means a REAL,
  non-noise wall-clock difference on THIS host for THIS workload — mirroring
  docs/perf/R5_R2_CHURN_REGRESSION_PAIRED_AB.md's verdict criteria. A same-vs-same control run
  (--arms sefer,sefer) should show t well under `crit` and a roughly even sign-test split --
  if it does not, that indicates a harness bug (non-reproducible workload, background load
  bleeding into the timed region), not a real self-difference.
